<?xml version="1.0" encoding="utf-8"?>
<CoverageSession xmlns:xsd="http://www.w3.org/2001/XMLSchema" xmlns:xsi="http://www.w3.org/2001/XMLSchema-instance" Version="0.0.0.0">
  <Summary numSequencePoints="1185" visitedSequencePoints="1060" numBranchPoints="0" visitedBranchPoints="0" sequenceCoverage="89.45" branchCoverage="0.0" maxCyclomaticComplexity="0" minCyclomaticComplexity="0" maxCrapScore="0" minCrapScore="0" visitedClasses="27" numClasses="27" visitedMethods="118" numMethods="118" />
  <Modules>
    <Module>
      <Summary numSequencePoints="319" visitedSequencePoints="318" numBranchPoints="0" visitedBranchPoints="0" sequenceCoverage="99.69" branchCoverage="0.0" maxCyclomaticComplexity="0" minCyclomaticComplexity="0" maxCrapScore="0" minCrapScore="0" visitedClasses="14" numClasses="14" visitedMethods="23" numMethods="23" />
      <ModuleTime>0001-01-01T00:00:00</ModuleTime>
      <ModuleName>PlayModeTests</ModuleName>
      <Files>
        <File uid="3" fullPath="E:/UnityProjects/h25_scenario_a/scenario_a/Assets/Scripts/Play Mode Tests/FlowerLight Integration Tests.cs" />
        <File uid="4" fullPath="E:/UnityProjects/h25_scenario_a/scenario_a/Assets/Scripts/Play Mode Tests/Functional Tests.cs" />
      </Files>
      <Classes>
        <Class>
          <Summary numSequencePoints="2" visitedSequencePoints="2" numBranchPoints="0" visitedBranchPoints="0" sequenceCoverage="100.0" branchCoverage="0.0" maxCyclomaticComplexity="0" minCyclomaticComplexity="0" maxCrapScore="0" minCrapScore="0" visitedClasses="1" numClasses="1" visitedMethods="1" numMethods="1" />
          <FullName>FlowerLightIntegrationTests</FullName>
          <Methods>
            <Method visited="true" cyclomaticComplexity="0" nPathComplexity="0" sequenceCoverage="100.0" branchCoverage="0" crapScore="0" isConstructor="true" isStatic="false" isGetter="false" isSetter="false">
              <Summary numSequencePoints="2" visitedSequencePoints="2" numBranchPoints="0" visitedBranchPoints="0" sequenceCoverage="100.0" branchCoverage="0" maxCyclomaticComplexity="0" minCyclomaticComplexity="0" maxCrapScore="0" minCrapScore="0" visitedClasses="0" numClasses="0" visitedMethods="1" numMethods="1" />
              <MetadataToken>100663302</MetadataToken>
              <Name>FlowerLightIntegrationTests::FlowerLightIntegrationTests()</Name>
              <FileRef uid="3" />
              <SequencePoints>
                <SequencePoint vc="1" uspid="2149" ordinal="0" offset="0" sl="12" sc="5" el="12" ec="5" bec="0" bev="0" fileid="3" />
                <SequencePoint vc="1" uspid="2150" ordinal="0" offset="11" sl="13" sc="5" el="13" ec="5" bec="0" bev="0" fileid="3" />
              </SequencePoints>
              <BranchPoints />
            </Method>
          </Methods>
        </Class>
        <Class>
          <Summary numSequencePoints="50" visitedSequencePoints="49" numBranchPoints="0" visitedBranchPoints="0" sequenceCoverage="98.00" branchCoverage="0.0" maxCyclomaticComplexity="0" minCyclomaticComplexity="0" maxCrapScore="0" minCrapScore="0" visitedClasses="1" numClasses="1" visitedMethods="10" numMethods="10" />
          <FullName>FunctionalTests</FullName>
          <Methods>
            <Method visited="true" cyclomaticComplexity="0" nPathComplexity="0" sequenceCoverage="100.0" branchCoverage="0" crapScore="0" isConstructor="false" isStatic="false" isGetter="true" isSetter="false">
              <Summary numSequencePoints="3" visitedSequencePoints="3" numBranchPoints="0" visitedBranchPoints="0" sequenceCoverage="100.0" branchCoverage="0" maxCyclomaticComplexity="0" minCyclomaticComplexity="0" maxCrapScore="0" minCrapScore="0" visitedClasses="0" numClasses="0" visitedMethods="1" numMethods="1" />
              <MetadataToken>100663303</MetadataToken>
              <Name>UnityEngine.GameObject FunctionalTests::get_player()</Name>
              <FileRef uid="4" />
              <SequencePoints>
                <SequencePoint vc="3" uspid="2151" ordinal="0" offset="0" sl="22" sc="37" el="22" ec="37" bec="0" bev="0" fileid="4" />
                <SequencePoint vc="3" uspid="2152" ordinal="0" offset="1" sl="22" sc="39" el="22" ec="39" bec="0" bev="0" fileid="4" />
                <SequencePoint vc="3" uspid="2153" ordinal="0" offset="14" sl="22" sc="81" el="22" ec="81" bec="0" bev="0" fileid="4" />
              </SequencePoints>
              <BranchPoints />
            </Method>
            <Method visited="true" cyclomaticComplexity="0" nPathComplexity="0" sequenceCoverage="100.0" branchCoverage="0" crapScore="0" isConstructor="false" isStatic="false" isGetter="true" isSetter="false">
              <Summary numSequencePoints="3" visitedSequencePoints="3" numBranchPoints="0" visitedBranchPoints="0" sequenceCoverage="100.0" branchCoverage="0" maxCyclomaticComplexity="0" minCyclomaticComplexity="0" maxCrapScore="0" minCrapScore="0" visitedClasses="0" numClasses="0" visitedMethods="1" numMethods="1" />
              <MetadataToken>100663304</MetadataToken>
              <Name>FlowerLight FunctionalTests::get_leftFlowerLight()</Name>
              <FileRef uid="4" />
              <SequencePoints>
                <SequencePoint vc="8" uspid="2154" ordinal="0" offset="0" sl="25" sc="47" el="25" ec="47" bec="0" bev="0" fileid="4" />
                <SequencePoint vc="8" uspid="2155" ordinal="0" offset="1" sl="25" sc="49" el="25" ec="49" bec="0" bev="0" fileid="4" />
                <SequencePoint vc="8" uspid="2156" ordinal="0" offset="19" sl="25" sc="122" el="25" ec="122" bec="0" bev="0" fileid="4" />
              </SequencePoints>
              <BranchPoints />
            </Method>
            <Method visited="true" cyclomaticComplexity="0" nPathComplexity="0" sequenceCoverage="100.0" branchCoverage="0" crapScore="0" isConstructor="false" isStatic="false" isGetter="true" isSetter="false">
              <Summary numSequencePoints="3" visitedSequencePoints="3" numBranchPoints="0" visitedBranchPoints="0" sequenceCoverage="100.0" branchCoverage="0" maxCyclomaticComplexity="0" minCyclomaticComplexity="0" maxCrapScore="0" minCrapScore="0" visitedClasses="0" numClasses="0" visitedMethods="1" numMethods="1" />
              <MetadataToken>100663305</MetadataToken>
              <Name>FlowerLight FunctionalTests::get_rightFlowerLight()</Name>
              <FileRef uid="4" />
              <SequencePoints>
                <SequencePoint vc="2" uspid="2157" ordinal="0" offset="0" sl="26" sc="48" el="26" ec="48" bec="0" bev="0" fileid="4" />
                <SequencePoint vc="2" uspid="2158" ordinal="0" offset="1" sl="26" sc="50" el="26" ec="50" bec="0" bev="0" fileid="4" />
                <SequencePoint vc="2" uspid="2159" ordinal="0" offset="19" sl="26" sc="124" el="26" ec="124" bec="0" bev="0" fileid="4" />
              </SequencePoints>
              <BranchPoints />
            </Method>
            <Method visited="true" cyclomaticComplexity="0" nPathComplexity="0" sequenceCoverage="100.0" branchCoverage="0" crapScore="0" isConstructor="false" isStatic="false" isGetter="true" isSetter="false">
              <Summary numSequencePoints="5" visitedSequencePoints="5" numBranchPoints="0" visitedBranchPoints="0" sequenceCoverage="100.0" branchCoverage="0" maxCyclomaticComplexity="0" minCyclomaticComplexity="0" maxCrapScore="0" minCrapScore="0" visitedClasses="0" numClasses="0" visitedMethods="1" numMethods="1" />
              <MetadataToken>100663306</MetadataToken>
              <Name>UnityEngine.GameObject FunctionalTests::get_lamp()</Name>
              <FileRef uid="4" />
              <SequencePoints>
                <SequencePoint vc="3" uspid="2160" ordinal="0" offset="0" sl="28" sc="35" el="28" ec="35" bec="0" bev="0" fileid="4" />
                <SequencePoint vc="3" uspid="2161" ordinal="0" offset="1" sl="28" sc="37" el="28" ec="37" bec="0" bev="0" fileid="4" />
                <SequencePoint vc="3" uspid="2162" ordinal="0" offset="12" sl="28" sc="83" el="28" ec="83" bec="0" bev="0" fileid="4" />
                <SequencePoint vc="3" uspid="2163" ordinal="0" offset="29" sl="28" sc="127" el="28" ec="127" bec="0" bev="0" fileid="4" />
                <SequencePoint vc="3" uspid="2164" ordinal="0" offset="33" sl="28" sc="141" el="28" ec="141" bec="0" bev="0" fileid="4" />
              </SequencePoints>
              <BranchPoints />
            </Method>
            <Method visited="true" cyclomaticComplexity="0" nPathComplexity="0" sequenceCoverage="100.0" branchCoverage="0" crapScore="0" isConstructor="false" isStatic="false" isGetter="true" isSetter="false">
              <Summary numSequencePoints="3" visitedSequencePoints="3" numBranchPoints="0" visitedBranchPoints="0" sequenceCoverage="100.0" branchCoverage="0" maxCyclomaticComplexity="0" minCyclomaticComplexity="0" maxCrapScore="0" minCrapScore="0" visitedClasses="0" numClasses="0" visitedMethods="1" numMethods="1" />
              <MetadataToken>100663307</MetadataToken>
              <Name>UnityEngine.Light[] FunctionalTests::get_lampLights()</Name>
              <FileRef uid="4" />
              <SequencePoints>
                <SequencePoint vc="3" uspid="2165" ordinal="0" offset="0" sl="29" sc="38" el="29" ec="38" bec="0" bev="0" fileid="4" />
                <SequencePoint vc="3" uspid="2166" ordinal="0" offset="1" sl="29" sc="40" el="29" ec="40" bec="0" bev="0" fileid="4" />
                <SequencePoint vc="3" uspid="2167" ordinal="0" offset="15" sl="29" sc="86" el="29" ec="86" bec="0" bev="0" fileid="4" />
              </SequencePoints>
              <BranchPoints />
            </Method>
            <Method visited="true" cyclomaticComplexity="0" nPathComplexity="0" sequenceCoverage="100.0" branchCoverage="0" crapScore="0" isConstructor="false" isStatic="false" isGetter="false" isSetter="false">
              <Summary numSequencePoints="11" visitedSequencePoints="11" numBranchPoints="0" visitedBranchPoints="0" sequenceCoverage="100.0" branchCoverage="0" maxCyclomaticComplexity="0" minCyclomaticComplexity="0" maxCrapScore="0" minCrapScore="0" visitedClasses="0" numClasses="0" visitedMethods="1" numMethods="1" />
              <MetadataToken>100663310</MetadataToken>
              <Name>System.Void FunctionalTests::SetDevices(System.Boolean)</Name>
              <FileRef uid="4" />
              <SequencePoints>
                <SequencePoint vc="6" uspid="2168" ordinal="0" offset="0" sl="66" sc="5" el="66" ec="5" bec="0" bev="0" fileid="4" />
                <SequencePoint vc="6" uspid="2169" ordinal="0" offset="1" sl="67" sc="9" el="67" ec="9" bec="0" bev="0" fileid="4" />
                <SequencePoint vc="6" uspid="2170" ordinal="0" offset="2" sl="67" sc="40" el="67" ec="40" bec="0" bev="0" fileid="4" />
                <SequencePoint vc="21" uspid="2171" ordinal="0" offset="18" sl="67" sc="18" el="67" ec="18" bec="0" bev="0" fileid="4" />
                <SequencePoint vc="21" uspid="2172" ordinal="0" offset="26" sl="68" sc="9" el="68" ec="9" bec="0" bev="0" fileid="4" />
                <SequencePoint vc="21" uspid="2173" ordinal="0" offset="27" sl="69" sc="13" el="69" ec="13" bec="0" bev="0" fileid="4" />
                <SequencePoint vc="15" uspid="2174" ordinal="0" offset="32" sl="70" sc="17" el="70" ec="17" bec="0" bev="0" fileid="4" />
                <SequencePoint vc="6" uspid="2175" ordinal="0" offset="41" sl="72" sc="17" el="72" ec="17" bec="0" bev="0" fileid="4" />
                <SequencePoint vc="21" uspid="2176" ordinal="0" offset="49" sl="73" sc="9" el="73" ec="9" bec="0" bev="0" fileid="4" />
                <SequencePoint vc="27" uspid="2177" ordinal="0" offset="50" sl="67" sc="37" el="67" ec="37" bec="0" bev="0" fileid="4" />
                <SequencePoint vc="6" uspid="2178" ordinal="0" offset="76" sl="74" sc="5" el="74" ec="5" bec="0" bev="0" fileid="4" />
              </SequencePoints>
              <BranchPoints />
            </Method>
            <Method visited="true" cyclomaticComplexity="0" nPathComplexity="0" sequenceCoverage="100.0" branchCoverage="0" crapScore="0" isConstructor="false" isStatic="false" isGetter="false" isSetter="false">
              <Summary numSequencePoints="4" visitedSequencePoints="4" numBranchPoints="0" visitedBranchPoints="0" sequenceCoverage="100.0" branchCoverage="0" maxCyclomaticComplexity="0" minCyclomaticComplexity="0" maxCrapScore="0" minCrapScore="0" visitedClasses="0" numClasses="0" visitedMethods="1" numMethods="1" />
              <MetadataToken>100663311</MetadataToken>
              <Name>System.Void FunctionalTests::PressKey(UnityEngine.InputSystem.Key)</Name>
              <FileRef uid="4" />
              <SequencePoints>
                <SequencePoint vc="28" uspid="2179" ordinal="0" offset="0" sl="78" sc="5" el="78" ec="5" bec="0" bev="0" fileid="4" />
                <SequencePoint vc="28" uspid="2180" ordinal="0" offset="1" sl="79" sc="9" el="79" ec="9" bec="0" bev="0" fileid="4" />
                <SequencePoint vc="28" uspid="2181" ordinal="0" offset="36" sl="80" sc="9" el="80" ec="9" bec="0" bev="0" fileid="4" />
                <SequencePoint vc="28" uspid="2182" ordinal="0" offset="42" sl="81" sc="5" el="81" ec="5" bec="0" bev="0" fileid="4" />
              </SequencePoints>
              <BranchPoints />
            </Method>
            <Method visited="true" cyclomaticComplexity="0" nPathComplexity="0" sequenceCoverage="100.0" branchCoverage="0" crapScore="0" isConstructor="false" isStatic="false" isGetter="false" isSetter="false">
              <Summary numSequencePoints="3" visitedSequencePoints="3" numBranchPoints="0" visitedBranchPoints="0" sequenceCoverage="100.0" branchCoverage="0" maxCyclomaticComplexity="0" minCyclomaticComplexity="0" maxCrapScore="0" minCrapScore="0" visitedClasses="0" numClasses="0" visitedMethods="1" numMethods="1" />
              <MetadataToken>100663312</MetadataToken>
              <Name>System.Void FunctionalTests::RotatePlayer(UnityEngine.GameObject, System.Single)</Name>
              <FileRef uid="4" />
              <SequencePoints>
                <SequencePoint vc="6" uspid="2183" ordinal="0" offset="0" sl="84" sc="5" el="84" ec="5" bec="0" bev="0" fileid="4" />
                <SequencePoint vc="6" uspid="2184" ordinal="0" offset="1" sl="85" sc="9" el="85" ec="9" bec="0" bev="0" fileid="4" />
                <SequencePoint vc="6" uspid="2185" ordinal="0" offset="50" sl="86" sc="5" el="86" ec="5" bec="0" bev="0" fileid="4" />
              </SequencePoints>
              <BranchPoints />
            </Method>
            <Method visited="true" cyclomaticComplexity="0" nPathComplexity="0" sequenceCoverage="87.50" branchCoverage="0" crapScore="0" isConstructor="false" isStatic="false" isGetter="false" isSetter="false">
              <Summary numSequencePoints="8" visitedSequencePoints="7" numBranchPoints="0" visitedBranchPoints="0" sequenceCoverage="87.50" branchCoverage="0" maxCyclomaticComplexity="0" minCyclomaticComplexity="0" maxCrapScore="0" minCrapScore="0" visitedClasses="0" numClasses="0" visitedMethods="1" numMethods="1" />
              <MetadataToken>100663317</MetadataToken>
              <Name>System.Void FunctionalTests::AssertColor(UnityEngine.Color, UnityEngine.Color, System.String)</Name>
              <FileRef uid="4" />
              <SequencePoints>
                <SequencePoint vc="54" uspid="2189" ordinal="0" offset="0" sl="129" sc="5" el="129" ec="5" bec="0" bev="0" fileid="4" />
                <SequencePoint vc="54" uspid="2190" ordinal="0" offset="1" sl="130" sc="9" el="130" ec="9" bec="0" bev="0" fileid="4" />
                <SequencePoint vc="54" uspid="2191" ordinal="0" offset="12" sl="131" sc="9" el="131" ec="9" bec="0" bev="0" fileid="4" />
                <SequencePoint vc="54" uspid="2192" ordinal="0" offset="21" sl="132" sc="9" el="132" ec="9" bec="0" bev="0" fileid="4" />
                <SequencePoint vc="54" uspid="2193" ordinal="0" offset="44" sl="133" sc="9" el="133" ec="9" bec="0" bev="0" fileid="4" />
                <SequencePoint vc="54" uspid="2194" ordinal="0" offset="52" sl="134" sc="13" el="134" ec="13" bec="0" bev="0" fileid="4" />
                <SequencePoint vc="0" uspid="2195" ordinal="0" offset="73" sl="136" sc="13" el="136" ec="13" bec="0" bev="0" fileid="4" />
                <SequencePoint vc="54" uspid="2196" ordinal="0" offset="80" sl="137" sc="5" el="137" ec="5" bec="0" bev="0" fileid="4" />
              </SequencePoints>
              <BranchPoints />
            </Method>
            <Method visited="true" cyclomaticComplexity="0" nPathComplexity="0" sequenceCoverage="100.0" branchCoverage="0" crapScore="0" isConstructor="false" isStatic="false" isGetter="false" isSetter="false">
              <Summary numSequencePoints="7" visitedSequencePoints="7" numBranchPoints="0" visitedBranchPoints="0" sequenceCoverage="100.0" branchCoverage="0" maxCyclomaticComplexity="0" minCyclomaticComplexity="0" maxCrapScore="0" minCrapScore="0" visitedClasses="0" numClasses="0" visitedMethods="1" numMethods="1" />
              <MetadataToken>100663322</MetadataToken>
              <Name>System.Void FunctionalTests::&lt;FlowerMultipleColorChangePass&gt;g__AssertListOfColors|31_0(UnityEngine.Color, System.Collections.Generic.List[Color], System.String)</Name>
              <FileRef uid="4" />
              <SequencePoints>
                <SequencePoint vc="6" uspid="2197" ordinal="0" offset="0" sl="331" sc="9" el="331" ec="9" bec="0" bev="0" fileid="4" />
                <SequencePoint vc="6" uspid="2198" ordinal="0" offset="1" sl="332" sc="13" el="332" ec="13" bec="0" bev="0" fileid="4" />
                <SequencePoint vc="6" uspid="2199" ordinal="0" offset="2" sl="332" sc="35" el="332" ec="35" bec="0" bev="0" fileid="4" />
                <SequencePoint vc="42" uspid="2200" ordinal="0" offset="11" sl="332" sc="22" el="332" ec="22" bec="0" bev="0" fileid="4" />
                <SequencePoint vc="42" uspid="2201" ordinal="0" offset="19" sl="333" sc="17" el="333" ec="17" bec="0" bev="0" fileid="4" />
                <SequencePoint vc="48" uspid="2202" ordinal="0" offset="29" sl="332" sc="32" el="332" ec="32" bec="0" bev="0" fileid="4" />
                <SequencePoint vc="6" uspid="2203" ordinal="0" offset="55" sl="334" sc="9" el="334" ec="9" bec="0" bev="0" fileid="4" />
              </SequencePoints>
              <BranchPoints />
            </Method>
          </Methods>
        </Class>
        <Class>
          <Summary numSequencePoints="38" visitedSequencePoints="38" numBranchPoints="0" visitedBranchPoints="0" sequenceCoverage="100.0" branchCoverage="0.0" maxCyclomaticComplexity="0" minCyclomaticComplexity="0" maxCrapScore="0" minCrapScore="0" visitedClasses="1" numClasses="1" visitedMethods="1" numMethods="1" />
          <FullName>FlowerLightIntegrationTests/&lt;LightChangeMultiplePass&gt;d__12</FullName>
          <Methods>
            <Method visited="true" cyclomaticComplexity="0" nPathComplexity="0" sequenceCoverage="100.0" branchCoverage="0" crapScore="0" isConstructor="false" isStatic="false" isGetter="false" isSetter="false">
              <Summary numSequencePoints="38" visitedSequencePoints="38" numBranchPoints="0" visitedBranchPoints="0" sequenceCoverage="100.0" branchCoverage="0" maxCyclomaticComplexity="0" minCyclomaticComplexity="0" maxCrapScore="0" minCrapScore="0" visitedClasses="0" numClasses="0" visitedMethods="1" numMethods="1" />
              <MetadataToken>100663327</MetadataToken>
              <Name>System.Boolean FlowerLightIntegrationTests/&lt;LightChangeMultiplePass&gt;d__12::MoveNext()</Name>
              <FileRef uid="3" />
              <SequencePoints>
                <SequencePoint vc="1" uspid="2204" ordinal="0" offset="63" sl="104" sc="5" el="104" ec="5" bec="0" bev="0" fileid="3" />
                <SequencePoint vc="1" uspid="2205" ordinal="0" offset="64" sl="105" sc="9" el="105" ec="9" bec="0" bev="0" fileid="3" />
                <SequencePoint vc="1" uspid="2206" ordinal="0" offset="97" sl="108" sc="9" el="108" ec="9" bec="0" bev="0" fileid="3" />
                <SequencePoint vc="1" uspid="2207" ordinal="0" offset="114" sl="109" sc="9" el="109" ec="9" bec="0" bev="0" fileid="3" />
                <SequencePoint vc="1" uspid="2208" ordinal="0" offset="131" sl="112" sc="9" el="112" ec="9" bec="0" bev="0" fileid="3" />
                <SequencePoint vc="1" uspid="2209" ordinal="0" offset="142" sl="113" sc="9" el="113" ec="9" bec="0" bev="0" fileid="3" />
                <SequencePoint vc="1" uspid="2210" ordinal="0" offset="153" sl="114" sc="9" el="114" ec="9" bec="0" bev="0" fileid="3" />
                <SequencePoint vc="1" uspid="2211" ordinal="0" offset="164" sl="115" sc="9" el="115" ec="9" bec="0" bev="0" fileid="3" />
                <SequencePoint vc="1" uspid="2212" ordinal="0" offset="175" sl="117" sc="9" el="117" ec="9" bec="0" bev="0" fileid="3" />
                <SequencePoint vc="1" uspid="2213" ordinal="0" offset="196" sl="118" sc="9" el="118" ec="9" bec="0" bev="0" fileid="3" />
                <SequencePoint vc="1" uspid="2214" ordinal="0" offset="217" sl="121" sc="14" el="121" ec="14" bec="0" bev="0" fileid="3" />
                <SequencePoint vc="5" uspid="2215" ordinal="0" offset="229" sl="122" sc="9" el="122" ec="9" bec="0" bev="0" fileid="3" />
                <SequencePoint vc="5" uspid="2216" ordinal="0" offset="230" sl="123" sc="13" el="123" ec="13" bec="0" bev="0" fileid="3" />
                <SequencePoint vc="5" uspid="2217" ordinal="0" offset="252" sl="124" sc="13" el="124" ec="13" bec="0" bev="0" fileid="3" />
                <SequencePoint vc="5" uspid="2218" ordinal="0" offset="284" sl="125" sc="13" el="125" ec="13" bec="0" bev="0" fileid="3" />
                <SequencePoint vc="5" uspid="2219" ordinal="0" offset="305" sl="126" sc="13" el="126" ec="13" bec="0" bev="0" fileid="3" />
                <SequencePoint vc="5" uspid="2220" ordinal="0" offset="323" sl="127" sc="13" el="127" ec="13" bec="0" bev="0" fileid="3" />
                <SequencePoint vc="5" uspid="2221" ordinal="0" offset="339" sl="128" sc="13" el="128" ec="13" bec="0" bev="0" fileid="3" />
                <SequencePoint vc="5" uspid="2222" ordinal="0" offset="357" sl="130" sc="13" el="130" ec="13" bec="0" bev="0" fileid="3" />
                <SequencePoint vc="5" uspid="2223" ordinal="0" offset="379" sl="131" sc="13" el="131" ec="13" bec="0" bev="0" fileid="3" />
                <SequencePoint vc="5" uspid="2224" ordinal="0" offset="411" sl="132" sc="13" el="132" ec="13" bec="0" bev="0" fileid="3" />
                <SequencePoint vc="5" uspid="2225" ordinal="0" offset="432" sl="133" sc="13" el="133" ec="13" bec="0" bev="0" fileid="3" />
                <SequencePoint vc="5" uspid="2226" ordinal="0" offset="450" sl="134" sc="13" el="134" ec="13" bec="0" bev="0" fileid="3" />
                <SequencePoint vc="5" uspid="2227" ordinal="0" offset="466" sl="135" sc="13" el="135" ec="13" bec="0" bev="0" fileid="3" />
                <SequencePoint vc="5" uspid="2228" ordinal="0" offset="484" sl="136" sc="9" el="136" ec="9" bec="0" bev="0" fileid="3" />
                <SequencePoint vc="5" uspid="2229" ordinal="0" offset="533" sl="121" sc="35" el="121" ec="35" bec="0" bev="0" fileid="3" />
                <SequencePoint vc="6" uspid="2230" ordinal="0" offset="549" sl="121" sc="25" el="121" ec="25" bec="0" bev="0" fileid="3" />
                <SequencePoint vc="1" uspid="2231" ordinal="0" offset="565" sl="139" sc="14" el="139" ec="14" bec="0" bev="0" fileid="3" />
                <SequencePoint vc="5" uspid="2232" ordinal="0" offset="577" sl="140" sc="9" el="140" ec="9" bec="0" bev="0" fileid="3" />
                <SequencePoint vc="5" uspid="2233" ordinal="0" offset="578" sl="141" sc="13" el="141" ec="13" bec="0" bev="0" fileid="3" />
                <SequencePoint vc="5" uspid="2234" ordinal="0" offset="643" sl="142" sc="13" el="142" ec="13" bec="0" bev="0" fileid="3" />
                <SequencePoint vc="5" uspid="2235" ordinal="0" offset="708" sl="144" sc="13" el="144" ec="13" bec="0" bev="0" fileid="3" />
                <SequencePoint vc="5" uspid="2236" ordinal="0" offset="773" sl="145" sc="13" el="145" ec="13" bec="0" bev="0" fileid="3" />
                <SequencePoint vc="5" uspid="2237" ordinal="0" offset="838" sl="146" sc="9" el="146" ec="9" bec="0" bev="0" fileid="3" />
                <SequencePoint vc="5" uspid="2238" ordinal="0" offset="839" sl="139" sc="35" el="139" ec="35" bec="0" bev="0" fileid="3" />
                <SequencePoint vc="6" uspid="2239" ordinal="0" offset="855" sl="139" sc="25" el="139" ec="25" bec="0" bev="0" fileid="3" />
                <SequencePoint vc="1" uspid="2240" ordinal="0" offset="871" sl="148" sc="9" el="148" ec="9" bec="0" bev="0" fileid="3" />
                <SequencePoint vc="1" uspid="2241" ordinal="0" offset="904" sl="149" sc="5" el="149" ec="5" bec="0" bev="0" fileid="3" />
              </SequencePoints>
              <BranchPoints />
            </Method>
          </Methods>
        </Class>
        <Class>
          <Summary numSequencePoints="11" visitedSequencePoints="11" numBranchPoints="0" visitedBranchPoints="0" sequenceCoverage="100.0" branchCoverage="0.0" maxCyclomaticComplexity="0" minCyclomaticComplexity="0" maxCrapScore="0" minCrapScore="0" visitedClasses="1" numClasses="1" visitedMethods="1" numMethods="1" />
          <FullName>FlowerLightIntegrationTests/&lt;LightChangeOnTriggerEnter&gt;d__10</FullName>
          <Methods>
            <Method visited="true" cyclomaticComplexity="0" nPathComplexity="0" sequenceCoverage="100.0" branchCoverage="0" crapScore="0" isConstructor="false" isStatic="false" isGetter="false" isSetter="false">
              <Summary numSequencePoints="11" visitedSequencePoints="11" numBranchPoints="0" visitedBranchPoints="0" sequenceCoverage="100.0" branchCoverage="0" maxCyclomaticComplexity="0" minCyclomaticComplexity="0" maxCrapScore="0" minCrapScore="0" visitedClasses="0" numClasses="0" visitedMethods="1" numMethods="1" />
              <MetadataToken>100663333</MetadataToken>
              <Name>System.Boolean FlowerLightIntegrationTests/&lt;LightChangeOnTriggerEnter&gt;d__10::MoveNext()</Name>
              <FileRef uid="3" />
              <SequencePoints>
                <SequencePoint vc="1" uspid="2242" ordinal="0" offset="51" sl="60" sc="5" el="60" ec="5" bec="0" bev="0" fileid="3" />
                <SequencePoint vc="1" uspid="2243" ordinal="0" offset="52" sl="61" sc="9" el="61" ec="9" bec="0" bev="0" fileid="3" />
                <SequencePoint vc="1" uspid="2244" ordinal="0" offset="85" sl="64" sc="9" el="64" ec="9" bec="0" bev="0" fileid="3" />
                <SequencePoint vc="1" uspid="2245" ordinal="0" offset="102" sl="67" sc="9" el="67" ec="9" bec="0" bev="0" fileid="3" />
                <SequencePoint vc="1" uspid="2246" ordinal="0" offset="133" sl="68" sc="9" el="68" ec="9" bec="0" bev="0" fileid="3" />
                <SequencePoint vc="1" uspid="2247" ordinal="0" offset="165" sl="69" sc="9" el="69" ec="9" bec="0" bev="0" fileid="3" />
                <SequencePoint vc="1" uspid="2248" ordinal="0" offset="186" sl="70" sc="9" el="70" ec="9" bec="0" bev="0" fileid="3" />
                <SequencePoint vc="1" uspid="2249" ordinal="0" offset="202" sl="73" sc="9" el="73" ec="9" bec="0" bev="0" fileid="3" />
                <SequencePoint vc="1" uspid="2250" ordinal="0" offset="240" sl="74" sc="9" el="74" ec="9" bec="0" bev="0" fileid="3" />
                <SequencePoint vc="1" uspid="2251" ordinal="0" offset="278" sl="76" sc="9" el="76" ec="9" bec="0" bev="0" fileid="3" />
                <SequencePoint vc="1" uspid="2252" ordinal="0" offset="311" sl="77" sc="5" el="77" ec="5" bec="0" bev="0" fileid="3" />
              </SequencePoints>
              <BranchPoints />
            </Method>
          </Methods>
        </Class>
        <Class>
          <Summary numSequencePoints="13" visitedSequencePoints="13" numBranchPoints="0" visitedBranchPoints="0" sequenceCoverage="100.0" branchCoverage="0.0" maxCyclomaticComplexity="0" minCyclomaticComplexity="0" maxCrapScore="0" minCrapScore="0" visitedClasses="1" numClasses="1" visitedMethods="1" numMethods="1" />
          <FullName>FlowerLightIntegrationTests/&lt;LightChangeOnTriggerExit&gt;d__11</FullName>
          <Methods>
            <Method visited="true" cyclomaticComplexity="0" nPathComplexity="0" sequenceCoverage="100.0" branchCoverage="0" crapScore="0" isConstructor="false" isStatic="false" isGetter="false" isSetter="false">
              <Summary numSequencePoints="13" visitedSequencePoints="13" numBranchPoints="0" visitedBranchPoints="0" sequenceCoverage="100.0" branchCoverage="0" maxCyclomaticComplexity="0" minCyclomaticComplexity="0" maxCrapScore="0" minCrapScore="0" visitedClasses="0" numClasses="0" visitedMethods="1" numMethods="1" />
              <MetadataToken>100663339</MetadataToken>
              <Name>System.Boolean FlowerLightIntegrationTests/&lt;LightChangeOnTriggerExit&gt;d__11::MoveNext()</Name>
              <FileRef uid="3" />
              <SequencePoints>
                <SequencePoint vc="1" uspid="2253" ordinal="0" offset="60" sl="81" sc="5" el="81" ec="5" bec="0" bev="0" fileid="3" />
                <SequencePoint vc="1" uspid="2254" ordinal="0" offset="61" sl="82" sc="9" el="82" ec="9" bec="0" bev="0" fileid="3" />
                <SequencePoint vc="1" uspid="2255" ordinal="0" offset="94" sl="85" sc="9" el="85" ec="9" bec="0" bev="0" fileid="3" />
                <SequencePoint vc="1" uspid="2256" ordinal="0" offset="111" sl="88" sc="9" el="88" ec="9" bec="0" bev="0" fileid="3" />
                <SequencePoint vc="1" uspid="2257" ordinal="0" offset="142" sl="89" sc="9" el="89" ec="9" bec="0" bev="0" fileid="3" />
                <SequencePoint vc="1" uspid="2258" ordinal="0" offset="174" sl="90" sc="9" el="90" ec="9" bec="0" bev="0" fileid="3" />
                <SequencePoint vc="1" uspid="2259" ordinal="0" offset="221" sl="91" sc="9" el="91" ec="9" bec="0" bev="0" fileid="3" />
                <SequencePoint vc="1" uspid="2260" ordinal="0" offset="253" sl="92" sc="9" el="92" ec="9" bec="0" bev="0" fileid="3" />
                <SequencePoint vc="1" uspid="2261" ordinal="0" offset="274" sl="93" sc="9" el="93" ec="9" bec="0" bev="0" fileid="3" />
                <SequencePoint vc="1" uspid="2262" ordinal="0" offset="290" sl="96" sc="9" el="96" ec="9" bec="0" bev="0" fileid="3" />
                <SequencePoint vc="1" uspid="2263" ordinal="0" offset="328" sl="97" sc="9" el="97" ec="9" bec="0" bev="0" fileid="3" />
                <SequencePoint vc="1" uspid="2264" ordinal="0" offset="366" sl="99" sc="9" el="99" ec="9" bec="0" bev="0" fileid="3" />
                <SequencePoint vc="1" uspid="2265" ordinal="0" offset="399" sl="100" sc="5" el="100" ec="5" bec="0" bev="0" fileid="3" />
              </SequencePoints>
              <BranchPoints />
            </Method>
          </Methods>
        </Class>
        <Class>
          <Summary numSequencePoints="24" visitedSequencePoints="24" numBranchPoints="0" visitedBranchPoints="0" sequenceCoverage="100.0" branchCoverage="0.0" maxCyclomaticComplexity="0" minCyclomaticComplexity="0" maxCrapScore="0" minCrapScore="0" visitedClasses="1" numClasses="1" visitedMethods="1" numMethods="1" />
          <FullName>FlowerLightIntegrationTests/&lt;Setup&gt;d__8</FullName>
          <Methods>
            <Method visited="true" cyclomaticComplexity="0" nPathComplexity="0" sequenceCoverage="100.0" branchCoverage="0" crapScore="0" isConstructor="false" isStatic="false" isGetter="false" isSetter="false">
              <Summary numSequencePoints="24" visitedSequencePoints="24" numBranchPoints="0" visitedBranchPoints="0" sequenceCoverage="100.0" branchCoverage="0" maxCyclomaticComplexity="0" minCyclomaticComplexity="0" maxCrapScore="0" minCrapScore="0" visitedClasses="0" numClasses="0" visitedMethods="1" numMethods="1" />
              <MetadataToken>100663345</MetadataToken>
              <Name>System.Boolean FlowerLightIntegrationTests/&lt;Setup&gt;d__8::MoveNext()</Name>
              <FileRef uid="3" />
              <SequencePoints>
                <SequencePoint vc="3" uspid="2266" ordinal="0" offset="34" sl="22" sc="5" el="22" ec="5" bec="0" bev="0" fileid="3" />
                <SequencePoint vc="3" uspid="2267" ordinal="0" offset="35" sl="23" sc="9" el="23" ec="9" bec="0" bev="0" fileid="3" />
                <SequencePoint vc="3" uspid="2268" ordinal="0" offset="50" sl="24" sc="9" el="24" ec="9" bec="0" bev="0" fileid="3" />
                <SequencePoint vc="3" uspid="2269" ordinal="0" offset="77" sl="26" sc="9" el="26" ec="9" bec="0" bev="0" fileid="3" />
                <SequencePoint vc="3" uspid="2270" ordinal="0" offset="88" sl="27" sc="9" el="27" ec="9" bec="0" bev="0" fileid="3" />
                <SequencePoint vc="3" uspid="2271" ordinal="0" offset="109" sl="28" sc="9" el="28" ec="9" bec="0" bev="0" fileid="3" />
                <SequencePoint vc="3" uspid="2272" ordinal="0" offset="125" sl="29" sc="9" el="29" ec="9" bec="0" bev="0" fileid="3" />
                <SequencePoint vc="3" uspid="2273" ordinal="0" offset="141" sl="30" sc="9" el="30" ec="9" bec="0" bev="0" fileid="3" />
                <SequencePoint vc="3" uspid="2274" ordinal="0" offset="154" sl="31" sc="9" el="31" ec="9" bec="0" bev="0" fileid="3" />
                <SequencePoint vc="3" uspid="2275" ordinal="0" offset="170" sl="32" sc="9" el="32" ec="9" bec="0" bev="0" fileid="3" />
                <SequencePoint vc="3" uspid="2276" ordinal="0" offset="183" sl="34" sc="9" el="34" ec="9" bec="0" bev="0" fileid="3" />
                <SequencePoint vc="3" uspid="2277" ordinal="0" offset="198" sl="35" sc="9" el="35" ec="9" bec="0" bev="0" fileid="3" />
                <SequencePoint vc="3" uspid="2278" ordinal="0" offset="213" sl="36" sc="9" el="36" ec="9" bec="0" bev="0" fileid="3" />
                <SequencePoint vc="3" uspid="2279" ordinal="0" offset="235" sl="38" sc="9" el="38" ec="9" bec="0" bev="0" fileid="3" />
                <SequencePoint vc="3" uspid="2280" ordinal="0" offset="251" sl="39" sc="9" el="39" ec="9" bec="0" bev="0" fileid="3" />
                <SequencePoint vc="3" uspid="2281" ordinal="0" offset="288" sl="40" sc="9" el="40" ec="9" bec="0" bev="0" fileid="3" />
                <SequencePoint vc="3" uspid="2282" ordinal="0" offset="305" sl="41" sc="9" el="41" ec="9" bec="0" bev="0" fileid="3" />
                <SequencePoint vc="3" uspid="2283" ordinal="0" offset="318" sl="42" sc="9" el="42" ec="9" bec="0" bev="0" fileid="3" />
                <SequencePoint vc="3" uspid="2284" ordinal="0" offset="334" sl="43" sc="9" el="43" ec="9" bec="0" bev="0" fileid="3" />
                <SequencePoint vc="3" uspid="2285" ordinal="0" offset="355" sl="44" sc="9" el="44" ec="9" bec="0" bev="0" fileid="3" />
                <SequencePoint vc="3" uspid="2286" ordinal="0" offset="370" sl="45" sc="9" el="45" ec="9" bec="0" bev="0" fileid="3" />
                <SequencePoint vc="3" uspid="2287" ordinal="0" offset="386" sl="46" sc="9" el="46" ec="9" bec="0" bev="0" fileid="3" />
                <SequencePoint vc="3" uspid="2288" ordinal="0" offset="401" sl="47" sc="9" el="47" ec="9" bec="0" bev="0" fileid="3" />
                <SequencePoint vc="3" uspid="2289" ordinal="0" offset="424" sl="48" sc="5" el="48" ec="5" bec="0" bev="0" fileid="3" />
              </SequencePoints>
              <BranchPoints />
            </Method>
          </Methods>
        </Class>
        <Class>
          <Summary numSequencePoints="6" visitedSequencePoints="6" numBranchPoints="0" visitedBranchPoints="0" sequenceCoverage="100.0" branchCoverage="0.0" maxCyclomaticComplexity="0" minCyclomaticComplexity="0" maxCrapScore="0" minCrapScore="0" visitedClasses="1" numClasses="1" visitedMethods="1" numMethods="1" />
          <FullName>FlowerLightIntegrationTests/&lt;Teardown&gt;d__9</FullName>
          <Methods>
            <Method visited="true" cyclomaticComplexity="0" nPathComplexity="0" sequenceCoverage="100.0" branchCoverage="0" crapScore="0" isConstructor="false" isStatic="false" isGetter="false" isSetter="false">
              <Summary numSequencePoints="6" visitedSequencePoints="6" numBranchPoints="0" visitedBranchPoints="0" sequenceCoverage="100.0" branchCoverage="0" maxCyclomaticComplexity="0" minCyclomaticComplexity="0" maxCrapScore="0" minCrapScore="0" visitedClasses="0" numClasses="0" visitedMethods="1" numMethods="1" />
              <MetadataToken>100663351</MetadataToken>
              <Name>System.Boolean FlowerLightIntegrationTests/&lt;Teardown&gt;d__9::MoveNext()</Name>
              <FileRef uid="3" />
              <SequencePoints>
                <SequencePoint vc="3" uspid="2290" ordinal="0" offset="31" sl="51" sc="5" el="51" ec="5" bec="0" bev="0" fileid="3" />
                <SequencePoint vc="3" uspid="2291" ordinal="0" offset="32" sl="52" sc="9" el="52" ec="9" bec="0" bev="0" fileid="3" />
                <SequencePoint vc="3" uspid="2292" ordinal="0" offset="43" sl="53" sc="9" el="53" ec="9" bec="0" bev="0" fileid="3" />
                <SequencePoint vc="3" uspid="2293" ordinal="0" offset="54" sl="54" sc="9" el="54" ec="9" bec="0" bev="0" fileid="3" />
                <SequencePoint vc="3" uspid="2294" ordinal="0" offset="70" sl="55" sc="9" el="55" ec="9" bec="0" bev="0" fileid="3" />
                <SequencePoint vc="3" uspid="2295" ordinal="0" offset="93" sl="56" sc="5" el="56" ec="5" bec="0" bev="0" fileid="3" />
              </SequencePoints>
              <BranchPoints />
            </Method>
          </Methods>
        </Class>
        <Class>
          <Summary numSequencePoints="35" visitedSequencePoints="35" numBranchPoints="0" visitedBranchPoints="0" sequenceCoverage="100.0" branchCoverage="0.0" maxCyclomaticComplexity="0" minCyclomaticComplexity="0" maxCrapScore="0" minCrapScore="0" visitedClasses="1" numClasses="1" visitedMethods="1" numMethods="1" />
          <FullName>FunctionalTests/&lt;FlowerEnterAndExitLeftFlowerLightPass&gt;d__29</FullName>
          <Methods>
            <Method visited="true" cyclomaticComplexity="0" nPathComplexity="0" sequenceCoverage="100.0" branchCoverage="0" crapScore="0" isConstructor="false" isStatic="false" isGetter="false" isSetter="false">
              <Summary numSequencePoints="35" visitedSequencePoints="35" numBranchPoints="0" visitedBranchPoints="0" sequenceCoverage="100.0" branchCoverage="0" maxCyclomaticComplexity="0" minCyclomaticComplexity="0" maxCrapScore="0" minCrapScore="0" visitedClasses="0" numClasses="0" visitedMethods="1" numMethods="1" />
              <MetadataToken>100663357</MetadataToken>
              <Name>System.Boolean FunctionalTests/&lt;FlowerEnterAndExitLeftFlowerLightPass&gt;d__29::MoveNext()</Name>
              <FileRef uid="4" />
              <SequencePoints>
                <SequencePoint vc="1" uspid="2296" ordinal="0" offset="72" sl="142" sc="5" el="142" ec="5" bec="0" bev="0" fileid="4" />
                <SequencePoint vc="1" uspid="2297" ordinal="0" offset="73" sl="143" sc="9" el="143" ec="9" bec="0" bev="0" fileid="4" />
                <SequencePoint vc="1" uspid="2298" ordinal="0" offset="106" sl="146" sc="9" el="146" ec="9" bec="0" bev="0" fileid="4" />
                <SequencePoint vc="1" uspid="2299" ordinal="0" offset="123" sl="147" sc="9" el="147" ec="9" bec="0" bev="0" fileid="4" />
                <SequencePoint vc="1" uspid="2300" ordinal="0" offset="145" sl="148" sc="9" el="148" ec="9" bec="0" bev="0" fileid="4" />
                <SequencePoint vc="1" uspid="2301" ordinal="0" offset="162" sl="149" sc="9" el="149" ec="9" bec="0" bev="0" fileid="4" />
                <SequencePoint vc="1" uspid="2302" ordinal="0" offset="184" sl="151" sc="9" el="151" ec="9" bec="0" bev="0" fileid="4" />
                <SequencePoint vc="1" uspid="2303" ordinal="0" offset="201" sl="152" sc="9" el="152" ec="9" bec="0" bev="0" fileid="4" />
                <SequencePoint vc="1" uspid="2304" ordinal="0" offset="223" sl="154" sc="9" el="154" ec="9" bec="0" bev="0" fileid="4" />
                <SequencePoint vc="1" uspid="2305" ordinal="0" offset="240" sl="155" sc="9" el="155" ec="9" bec="0" bev="0" fileid="4" />
                <SequencePoint vc="1" uspid="2306" ordinal="0" offset="262" sl="157" sc="9" el="157" ec="9" bec="0" bev="0" fileid="4" />
                <SequencePoint vc="1" uspid="2307" ordinal="0" offset="273" sl="158" sc="9" el="158" ec="9" bec="0" bev="0" fileid="4" />
                <SequencePoint vc="1" uspid="2308" ordinal="0" offset="290" sl="160" sc="9" el="160" ec="9" bec="0" bev="0" fileid="4" />
                <SequencePoint vc="1" uspid="2309" ordinal="0" offset="312" sl="161" sc="9" el="161" ec="9" bec="0" bev="0" fileid="4" />
                <SequencePoint vc="1" uspid="2310" ordinal="0" offset="331" sl="163" sc="9" el="163" ec="9" bec="0" bev="0" fileid="4" />
                <SequencePoint vc="1" uspid="2311" ordinal="0" offset="347" sl="164" sc="9" el="164" ec="9" bec="0" bev="0" fileid="4" />
                <SequencePoint vc="1" uspid="2312" ordinal="0" offset="369" sl="167" sc="9" el="167" ec="9" bec="0" bev="0" fileid="4" />
                <SequencePoint vc="1" uspid="2313" ordinal="0" offset="408" sl="168" sc="9" el="168" ec="9" bec="0" bev="0" fileid="4" />
                <SequencePoint vc="1" uspid="2314" ordinal="0" offset="422" sl="169" sc="9" el="169" ec="9" bec="0" bev="0" fileid="4" />
                <SequencePoint vc="1" uspid="2315" ordinal="0" offset="474" sl="170" sc="9" el="170" ec="9" bec="0" bev="0" fileid="4" />
                <SequencePoint vc="1" uspid="2316" ordinal="0" offset="496" sl="171" sc="9" el="171" ec="9" bec="0" bev="0" fileid="4" />
                <SequencePoint vc="1" uspid="2317" ordinal="0" offset="515" sl="173" sc="9" el="173" ec="9" bec="0" bev="0" fileid="4" />
                <SequencePoint vc="1" uspid="2318" ordinal="0" offset="537" sl="175" sc="9" el="175" ec="9" bec="0" bev="0" fileid="4" />
                <SequencePoint vc="1" uspid="2319" ordinal="0" offset="551" sl="176" sc="9" el="176" ec="9" bec="0" bev="0" fileid="4" />
                <SequencePoint vc="1" uspid="2320" ordinal="0" offset="603" sl="177" sc="9" el="177" ec="9" bec="0" bev="0" fileid="4" />
                <SequencePoint vc="1" uspid="2321" ordinal="0" offset="625" sl="178" sc="9" el="178" ec="9" bec="0" bev="0" fileid="4" />
                <SequencePoint vc="1" uspid="2322" ordinal="0" offset="644" sl="181" sc="9" el="181" ec="9" bec="0" bev="0" fileid="4" />
                <SequencePoint vc="1" uspid="2323" ordinal="0" offset="682" sl="183" sc="9" el="183" ec="9" bec="0" bev="0" fileid="4" />
                <SequencePoint vc="1" uspid="2324" ordinal="0" offset="711" sl="184" sc="9" el="184" ec="9" bec="0" bev="0" fileid="4" />
                <SequencePoint vc="1" uspid="2325" ordinal="0" offset="740" sl="186" sc="9" el="186" ec="9" bec="0" bev="0" fileid="4" />
                <SequencePoint vc="1" uspid="2326" ordinal="0" offset="769" sl="187" sc="9" el="187" ec="9" bec="0" bev="0" fileid="4" />
                <SequencePoint vc="1" uspid="2327" ordinal="0" offset="798" sl="189" sc="9" el="189" ec="9" bec="0" bev="0" fileid="4" />
                <SequencePoint vc="1" uspid="2328" ordinal="0" offset="827" sl="190" sc="9" el="190" ec="9" bec="0" bev="0" fileid="4" />
                <SequencePoint vc="1" uspid="2329" ordinal="0" offset="856" sl="192" sc="9" el="192" ec="9" bec="0" bev="0" fileid="4" />
                <SequencePoint vc="1" uspid="2330" ordinal="0" offset="889" sl="193" sc="5" el="193" ec="5" bec="0" bev="0" fileid="4" />
              </SequencePoints>
              <BranchPoints />
            </Method>
          </Methods>
        </Class>
        <Class>
          <Summary numSequencePoints="35" visitedSequencePoints="35" numBranchPoints="0" visitedBranchPoints="0" sequenceCoverage="100.0" branchCoverage="0.0" maxCyclomaticComplexity="0" minCyclomaticComplexity="0" maxCrapScore="0" minCrapScore="0" visitedClasses="1" numClasses="1" visitedMethods="1" numMethods="1" />
          <FullName>FunctionalTests/&lt;FlowerEnterAndExitRightFlowerLightPass&gt;d__30</FullName>
          <Methods>
            <Method visited="true" cyclomaticComplexity="0" nPathComplexity="0" sequenceCoverage="100.0" branchCoverage="0" crapScore="0" isConstructor="false" isStatic="false" isGetter="false" isSetter="false">
              <Summary numSequencePoints="35" visitedSequencePoints="35" numBranchPoints="0" visitedBranchPoints="0" sequenceCoverage="100.0" branchCoverage="0" maxCyclomaticComplexity="0" minCyclomaticComplexity="0" maxCrapScore="0" minCrapScore="0" visitedClasses="0" numClasses="0" visitedMethods="1" numMethods="1" />
              <MetadataToken>100663363</MetadataToken>
              <Name>System.Boolean FunctionalTests/&lt;FlowerEnterAndExitRightFlowerLightPass&gt;d__30::MoveNext()</Name>
              <FileRef uid="4" />
              <SequencePoints>
                <SequencePoint vc="1" uspid="2331" ordinal="0" offset="72" sl="197" sc="5" el="197" ec="5" bec="0" bev="0" fileid="4" />
                <SequencePoint vc="1" uspid="2332" ordinal="0" offset="73" sl="198" sc="9" el="198" ec="9" bec="0" bev="0" fileid="4" />
                <SequencePoint vc="1" uspid="2333" ordinal="0" offset="106" sl="201" sc="9" el="201" ec="9" bec="0" bev="0" fileid="4" />
                <SequencePoint vc="1" uspid="2334" ordinal="0" offset="123" sl="202" sc="9" el="202" ec="9" bec="0" bev="0" fileid="4" />
                <SequencePoint vc="1" uspid="2335" ordinal="0" offset="145" sl="203" sc="9" el="203" ec="9" bec="0" bev="0" fileid="4" />
                <SequencePoint vc="1" uspid="2336" ordinal="0" offset="162" sl="204" sc="9" el="204" ec="9" bec="0" bev="0" fileid="4" />
                <SequencePoint vc="1" uspid="2337" ordinal="0" offset="184" sl="206" sc="9" el="206" ec="9" bec="0" bev="0" fileid="4" />
                <SequencePoint vc="1" uspid="2338" ordinal="0" offset="201" sl="207" sc="9" el="207" ec="9" bec="0" bev="0" fileid="4" />
                <SequencePoint vc="1" uspid="2339" ordinal="0" offset="223" sl="209" sc="9" el="209" ec="9" bec="0" bev="0" fileid="4" />
                <SequencePoint vc="1" uspid="2340" ordinal="0" offset="240" sl="210" sc="9" el="210" ec="9" bec="0" bev="0" fileid="4" />
                <SequencePoint vc="1" uspid="2341" ordinal="0" offset="262" sl="212" sc="9" el="212" ec="9" bec="0" bev="0" fileid="4" />
                <SequencePoint vc="1" uspid="2342" ordinal="0" offset="273" sl="213" sc="9" el="213" ec="9" bec="0" bev="0" fileid="4" />
                <SequencePoint vc="1" uspid="2343" ordinal="0" offset="290" sl="215" sc="9" el="215" ec="9" bec="0" bev="0" fileid="4" />
                <SequencePoint vc="1" uspid="2344" ordinal="0" offset="312" sl="216" sc="9" el="216" ec="9" bec="0" bev="0" fileid="4" />
                <SequencePoint vc="1" uspid="2345" ordinal="0" offset="331" sl="218" sc="9" el="218" ec="9" bec="0" bev="0" fileid="4" />
                <SequencePoint vc="1" uspid="2346" ordinal="0" offset="347" sl="219" sc="9" el="219" ec="9" bec="0" bev="0" fileid="4" />
                <SequencePoint vc="1" uspid="2347" ordinal="0" offset="369" sl="222" sc="9" el="222" ec="9" bec="0" bev="0" fileid="4" />
                <SequencePoint vc="1" uspid="2348" ordinal="0" offset="408" sl="223" sc="9" el="223" ec="9" bec="0" bev="0" fileid="4" />
                <SequencePoint vc="1" uspid="2349" ordinal="0" offset="422" sl="224" sc="9" el="224" ec="9" bec="0" bev="0" fileid="4" />
                <SequencePoint vc="1" uspid="2350" ordinal="0" offset="474" sl="225" sc="9" el="225" ec="9" bec="0" bev="0" fileid="4" />
                <SequencePoint vc="1" uspid="2351" ordinal="0" offset="496" sl="226" sc="9" el="226" ec="9" bec="0" bev="0" fileid="4" />
                <SequencePoint vc="1" uspid="2352" ordinal="0" offset="515" sl="228" sc="9" el="228" ec="9" bec="0" bev="0" fileid="4" />
                <SequencePoint vc="1" uspid="2353" ordinal="0" offset="537" sl="230" sc="9" el="230" ec="9" bec="0" bev="0" fileid="4" />
                <SequencePoint vc="1" uspid="2354" ordinal="0" offset="551" sl="231" sc="9" el="231" ec="9" bec="0" bev="0" fileid="4" />
                <SequencePoint vc="1" uspid="2355" ordinal="0" offset="603" sl="232" sc="9" el="232" ec="9" bec="0" bev="0" fileid="4" />
                <SequencePoint vc="1" uspid="2356" ordinal="0" offset="625" sl="233" sc="9" el="233" ec="9" bec="0" bev="0" fileid="4" />
                <SequencePoint vc="1" uspid="2357" ordinal="0" offset="644" sl="236" sc="9" el="236" ec="9" bec="0" bev="0" fileid="4" />
                <SequencePoint vc="1" uspid="2358" ordinal="0" offset="682" sl="238" sc="9" el="238" ec="9" bec="0" bev="0" fileid="4" />
                <SequencePoint vc="1" uspid="2359" ordinal="0" offset="711" sl="239" sc="9" el="239" ec="9" bec="0" bev="0" fileid="4" />
                <SequencePoint vc="1" uspid="2360" ordinal="0" offset="740" sl="241" sc="9" el="241" ec="9" bec="0" bev="0" fileid="4" />
                <SequencePoint vc="1" uspid="2361" ordinal="0" offset="769" sl="242" sc="9" el="242" ec="9" bec="0" bev="0" fileid="4" />
                <SequencePoint vc="1" uspid="2362" ordinal="0" offset="798" sl="244" sc="9" el="244" ec="9" bec="0" bev="0" fileid="4" />
                <SequencePoint vc="1" uspid="2363" ordinal="0" offset="827" sl="245" sc="9" el="245" ec="9" bec="0" bev="0" fileid="4" />
                <SequencePoint vc="1" uspid="2364" ordinal="0" offset="856" sl="247" sc="9" el="247" ec="9" bec="0" bev="0" fileid="4" />
                <SequencePoint vc="1" uspid="2365" ordinal="0" offset="889" sl="248" sc="5" el="248" ec="5" bec="0" bev="0" fileid="4" />
              </SequencePoints>
              <BranchPoints />
            </Method>
          </Methods>
        </Class>
        <Class>
          <Summary numSequencePoints="58" visitedSequencePoints="58" numBranchPoints="0" visitedBranchPoints="0" sequenceCoverage="100.0" branchCoverage="0.0" maxCyclomaticComplexity="0" minCyclomaticComplexity="0" maxCrapScore="0" minCrapScore="0" visitedClasses="1" numClasses="1" visitedMethods="1" numMethods="1" />
          <FullName>FunctionalTests/&lt;FlowerMultipleColorChangePass&gt;d__31</FullName>
          <Methods>
            <Method visited="true" cyclomaticComplexity="0" nPathComplexity="0" sequenceCoverage="100.0" branchCoverage="0" crapScore="0" isConstructor="false" isStatic="false" isGetter="false" isSetter="false">
              <Summary numSequencePoints="58" visitedSequencePoints="58" numBranchPoints="0" visitedBranchPoints="0" sequenceCoverage="100.0" branchCoverage="0" maxCyclomaticComplexity="0" minCyclomaticComplexity="0" maxCrapScore="0" minCrapScore="0" visitedClasses="0" numClasses="0" visitedMethods="1" numMethods="1" />
              <MetadataToken>100663369</MetadataToken>
              <Name>System.Boolean FunctionalTests/&lt;FlowerMultipleColorChangePass&gt;d__31::MoveNext()</Name>
              <FileRef uid="4" />
              <SequencePoints>
                <SequencePoint vc="1" uspid="2366" ordinal="0" offset="90" sl="252" sc="5" el="252" ec="5" bec="0" bev="0" fileid="4" />
                <SequencePoint vc="1" uspid="2367" ordinal="0" offset="91" sl="253" sc="9" el="253" ec="9" bec="0" bev="0" fileid="4" />
                <SequencePoint vc="1" uspid="2368" ordinal="0" offset="124" sl="256" sc="9" el="256" ec="9" bec="0" bev="0" fileid="4" />
                <SequencePoint vc="1" uspid="2369" ordinal="0" offset="141" sl="257" sc="9" el="257" ec="9" bec="0" bev="0" fileid="4" />
                <SequencePoint vc="1" uspid="2370" ordinal="0" offset="163" sl="258" sc="9" el="258" ec="9" bec="0" bev="0" fileid="4" />
                <SequencePoint vc="1" uspid="2371" ordinal="0" offset="180" sl="259" sc="9" el="259" ec="9" bec="0" bev="0" fileid="4" />
                <SequencePoint vc="1" uspid="2372" ordinal="0" offset="202" sl="260" sc="9" el="260" ec="9" bec="0" bev="0" fileid="4" />
                <SequencePoint vc="1" uspid="2373" ordinal="0" offset="219" sl="261" sc="9" el="261" ec="9" bec="0" bev="0" fileid="4" />
                <SequencePoint vc="1" uspid="2374" ordinal="0" offset="241" sl="263" sc="9" el="263" ec="9" bec="0" bev="0" fileid="4" />
                <SequencePoint vc="1" uspid="2375" ordinal="0" offset="258" sl="264" sc="9" el="264" ec="9" bec="0" bev="0" fileid="4" />
                <SequencePoint vc="1" uspid="2376" ordinal="0" offset="280" sl="266" sc="9" el="266" ec="9" bec="0" bev="0" fileid="4" />
                <SequencePoint vc="1" uspid="2377" ordinal="0" offset="297" sl="267" sc="9" el="267" ec="9" bec="0" bev="0" fileid="4" />
                <SequencePoint vc="1" uspid="2378" ordinal="0" offset="319" sl="269" sc="9" el="269" ec="9" bec="0" bev="0" fileid="4" />
                <SequencePoint vc="1" uspid="2379" ordinal="0" offset="330" sl="270" sc="9" el="270" ec="9" bec="0" bev="0" fileid="4" />
                <SequencePoint vc="1" uspid="2380" ordinal="0" offset="347" sl="271" sc="9" el="271" ec="9" bec="0" bev="0" fileid="4" />
                <SequencePoint vc="1" uspid="2381" ordinal="0" offset="364" sl="273" sc="9" el="273" ec="9" bec="0" bev="0" fileid="4" />
                <SequencePoint vc="1" uspid="2382" ordinal="0" offset="375" sl="274" sc="9" el="274" ec="9" bec="0" bev="0" fileid="4" />
                <SequencePoint vc="1" uspid="2383" ordinal="0" offset="386" sl="275" sc="9" el="275" ec="9" bec="0" bev="0" fileid="4" />
                <SequencePoint vc="1" uspid="2384" ordinal="0" offset="397" sl="276" sc="9" el="276" ec="9" bec="0" bev="0" fileid="4" />
                <SequencePoint vc="1" uspid="2385" ordinal="0" offset="408" sl="277" sc="9" el="277" ec="9" bec="0" bev="0" fileid="4" />
                <SequencePoint vc="1" uspid="2386" ordinal="0" offset="419" sl="278" sc="9" el="278" ec="9" bec="0" bev="0" fileid="4" />
                <SequencePoint vc="1" uspid="2387" ordinal="0" offset="430" sl="280" sc="9" el="280" ec="9" bec="0" bev="0" fileid="4" />
                <SequencePoint vc="1" uspid="2388" ordinal="0" offset="458" sl="281" sc="9" el="281" ec="9" bec="0" bev="0" fileid="4" />
                <SequencePoint vc="1" uspid="2389" ordinal="0" offset="483" sl="283" sc="9" el="283" ec="9" bec="0" bev="0" fileid="4" />
                <SequencePoint vc="1" uspid="2390" ordinal="0" offset="490" sl="285" sc="9" el="285" ec="9" bec="0" bev="0" fileid="4" />
                <SequencePoint vc="1" uspid="2391" ordinal="0" offset="506" sl="286" sc="9" el="286" ec="9" bec="0" bev="0" fileid="4" />
                <SequencePoint vc="1" uspid="2392" ordinal="0" offset="528" sl="287" sc="9" el="287" ec="9" bec="0" bev="0" fileid="4" />
                <SequencePoint vc="1" uspid="2393" ordinal="0" offset="550" sl="290" sc="9" el="290" ec="9" bec="0" bev="0" fileid="4" />
                <SequencePoint vc="1" uspid="2394" ordinal="0" offset="589" sl="291" sc="14" el="291" ec="14" bec="0" bev="0" fileid="4" />
                <SequencePoint vc="5" uspid="2395" ordinal="0" offset="601" sl="292" sc="9" el="292" ec="9" bec="0" bev="0" fileid="4" />
                <SequencePoint vc="5" uspid="2396" ordinal="0" offset="602" sl="293" sc="13" el="293" ec="13" bec="0" bev="0" fileid="4" />
                <SequencePoint vc="5" uspid="2397" ordinal="0" offset="616" sl="294" sc="13" el="294" ec="13" bec="0" bev="0" fileid="4" />
                <SequencePoint vc="5" uspid="2398" ordinal="0" offset="668" sl="295" sc="13" el="295" ec="13" bec="0" bev="0" fileid="4" />
                <SequencePoint vc="5" uspid="2399" ordinal="0" offset="696" sl="296" sc="13" el="296" ec="13" bec="0" bev="0" fileid="4" />
                <SequencePoint vc="5" uspid="2400" ordinal="0" offset="721" sl="298" sc="13" el="298" ec="13" bec="0" bev="0" fileid="4" />
                <SequencePoint vc="5" uspid="2401" ordinal="0" offset="743" sl="300" sc="13" el="300" ec="13" bec="0" bev="0" fileid="4" />
                <SequencePoint vc="5" uspid="2402" ordinal="0" offset="757" sl="301" sc="13" el="301" ec="13" bec="0" bev="0" fileid="4" />
                <SequencePoint vc="5" uspid="2403" ordinal="0" offset="809" sl="302" sc="13" el="302" ec="13" bec="0" bev="0" fileid="4" />
                <SequencePoint vc="5" uspid="2404" ordinal="0" offset="837" sl="303" sc="13" el="303" ec="13" bec="0" bev="0" fileid="4" />
                <SequencePoint vc="5" uspid="2405" ordinal="0" offset="862" sl="306" sc="13" el="306" ec="13" bec="0" bev="0" fileid="4" />
                <SequencePoint vc="5" uspid="2406" ordinal="0" offset="914" sl="307" sc="13" el="307" ec="13" bec="0" bev="0" fileid="4" />
                <SequencePoint vc="5" uspid="2407" ordinal="0" offset="942" sl="308" sc="13" el="308" ec="13" bec="0" bev="0" fileid="4" />
                <SequencePoint vc="5" uspid="2408" ordinal="0" offset="967" sl="310" sc="13" el="310" ec="13" bec="0" bev="0" fileid="4" />
                <SequencePoint vc="5" uspid="2409" ordinal="0" offset="981" sl="311" sc="13" el="311" ec="13" bec="0" bev="0" fileid="4" />
                <SequencePoint vc="5" uspid="2410" ordinal="0" offset="1033" sl="312" sc="13" el="312" ec="13" bec="0" bev="0" fileid="4" />
                <SequencePoint vc="5" uspid="2411" ordinal="0" offset="1061" sl="313" sc="13" el="313" ec="13" bec="0" bev="0" fileid="4" />
                <SequencePoint vc="5" uspid="2412" ordinal="0" offset="1086" sl="314" sc="9" el="314" ec="9" bec="0" bev="0" fileid="4" />
                <SequencePoint vc="5" uspid="2413" ordinal="0" offset="1087" sl="291" sc="35" el="291" ec="35" bec="0" bev="0" fileid="4" />
                <SequencePoint vc="6" uspid="2414" ordinal="0" offset="1103" sl="291" sc="25" el="291" ec="25" bec="0" bev="0" fileid="4" />
                <SequencePoint vc="1" uspid="2415" ordinal="0" offset="1124" sl="317" sc="9" el="317" ec="9" bec="0" bev="0" fileid="4" />
                <SequencePoint vc="1" uspid="2416" ordinal="0" offset="1162" sl="319" sc="9" el="319" ec="9" bec="0" bev="0" fileid="4" />
                <SequencePoint vc="1" uspid="2417" ordinal="0" offset="1191" sl="320" sc="9" el="320" ec="9" bec="0" bev="0" fileid="4" />
                <SequencePoint vc="1" uspid="2418" ordinal="0" offset="1220" sl="322" sc="9" el="322" ec="9" bec="0" bev="0" fileid="4" />
                <SequencePoint vc="1" uspid="2419" ordinal="0" offset="1249" sl="323" sc="9" el="323" ec="9" bec="0" bev="0" fileid="4" />
                <SequencePoint vc="1" uspid="2420" ordinal="0" offset="1278" sl="325" sc="9" el="325" ec="9" bec="0" bev="0" fileid="4" />
                <SequencePoint vc="1" uspid="2421" ordinal="0" offset="1307" sl="326" sc="9" el="326" ec="9" bec="0" bev="0" fileid="4" />
                <SequencePoint vc="1" uspid="2422" ordinal="0" offset="1336" sl="328" sc="9" el="328" ec="9" bec="0" bev="0" fileid="4" />
                <SequencePoint vc="1" uspid="2423" ordinal="0" offset="1370" sl="335" sc="5" el="335" ec="5" bec="0" bev="0" fileid="4" />
              </SequencePoints>
              <BranchPoints />
            </Method>
          </Methods>
        </Class>
        <Class>
          <Summary numSequencePoints="12" visitedSequencePoints="12" numBranchPoints="0" visitedBranchPoints="0" sequenceCoverage="100.0" branchCoverage="0.0" maxCyclomaticComplexity="0" minCyclomaticComplexity="0" maxCrapScore="0" minCrapScore="0" visitedClasses="1" numClasses="1" visitedMethods="1" numMethods="1" />
          <FullName>FunctionalTests/&lt;GrabFlower&gt;d__24</FullName>
          <Methods>
            <Method visited="true" cyclomaticComplexity="0" nPathComplexity="0" sequenceCoverage="100.0" branchCoverage="0" crapScore="0" isConstructor="false" isStatic="false" isGetter="false" isSetter="false">
              <Summary numSequencePoints="12" visitedSequencePoints="12" numBranchPoints="0" visitedBranchPoints="0" sequenceCoverage="100.0" branchCoverage="0" maxCyclomaticComplexity="0" minCyclomaticComplexity="0" maxCrapScore="0" minCrapScore="0" visitedClasses="0" numClasses="0" visitedMethods="1" numMethods="1" />
              <MetadataToken>100663375</MetadataToken>
              <Name>System.Boolean FunctionalTests/&lt;GrabFlower&gt;d__24::MoveNext()</Name>
              <FileRef uid="4" />
              <SequencePoints>
                <SequencePoint vc="3" uspid="2424" ordinal="0" offset="69" sl="89" sc="5" el="89" ec="5" bec="0" bev="0" fileid="4" />
                <SequencePoint vc="3" uspid="2425" ordinal="0" offset="70" sl="90" sc="9" el="90" ec="9" bec="0" bev="0" fileid="4" />
                <SequencePoint vc="3" uspid="2426" ordinal="0" offset="93" sl="91" sc="9" el="91" ec="9" bec="0" bev="0" fileid="4" />
                <SequencePoint vc="3" uspid="2427" ordinal="0" offset="116" sl="92" sc="9" el="92" ec="9" bec="0" bev="0" fileid="4" />
                <SequencePoint vc="3" uspid="2428" ordinal="0" offset="129" sl="93" sc="9" el="93" ec="9" bec="0" bev="0" fileid="4" />
                <SequencePoint vc="3" uspid="2429" ordinal="0" offset="152" sl="94" sc="9" el="94" ec="9" bec="0" bev="0" fileid="4" />
                <SequencePoint vc="3" uspid="2430" ordinal="0" offset="166" sl="95" sc="9" el="95" ec="9" bec="0" bev="0" fileid="4" />
                <SequencePoint vc="3" uspid="2431" ordinal="0" offset="189" sl="96" sc="9" el="96" ec="9" bec="0" bev="0" fileid="4" />
                <SequencePoint vc="3" uspid="2432" ordinal="0" offset="203" sl="97" sc="9" el="97" ec="9" bec="0" bev="0" fileid="4" />
                <SequencePoint vc="3" uspid="2433" ordinal="0" offset="226" sl="98" sc="9" el="98" ec="9" bec="0" bev="0" fileid="4" />
                <SequencePoint vc="3" uspid="2434" ordinal="0" offset="249" sl="99" sc="9" el="99" ec="9" bec="0" bev="0" fileid="4" />
                <SequencePoint vc="3" uspid="2435" ordinal="0" offset="272" sl="100" sc="5" el="100" ec="5" bec="0" bev="0" fileid="4" />
              </SequencePoints>
              <BranchPoints />
            </Method>
          </Methods>
        </Class>
        <Class>
          <Summary numSequencePoints="12" visitedSequencePoints="12" numBranchPoints="0" visitedBranchPoints="0" sequenceCoverage="100.0" branchCoverage="0.0" maxCyclomaticComplexity="0" minCyclomaticComplexity="0" maxCrapScore="0" minCrapScore="0" visitedClasses="1" numClasses="1" visitedMethods="1" numMethods="1" />
          <FullName>FunctionalTests/&lt;Setup&gt;d__19</FullName>
          <Methods>
            <Method visited="true" cyclomaticComplexity="0" nPathComplexity="0" sequenceCoverage="100.0" branchCoverage="0" crapScore="0" isConstructor="false" isStatic="false" isGetter="false" isSetter="false">
              <Summary numSequencePoints="12" visitedSequencePoints="12" numBranchPoints="0" visitedBranchPoints="0" sequenceCoverage="100.0" branchCoverage="0" maxCyclomaticComplexity="0" minCyclomaticComplexity="0" maxCrapScore="0" minCrapScore="0" visitedClasses="0" numClasses="0" visitedMethods="1" numMethods="1" />
              <MetadataToken>100663387</MetadataToken>
              <Name>System.Boolean FunctionalTests/&lt;Setup&gt;d__19::MoveNext()</Name>
              <FileRef uid="4" />
              <SequencePoints>
                <SequencePoint vc="3" uspid="2443" ordinal="0" offset="45" sl="34" sc="5" el="34" ec="5" bec="0" bev="0" fileid="4" />
                <SequencePoint vc="3" uspid="2444" ordinal="0" offset="46" sl="35" sc="9" el="35" ec="9" bec="0" bev="0" fileid="4" />
                <SequencePoint vc="3" uspid="2445" ordinal="0" offset="59" sl="36" sc="9" el="36" ec="9" bec="0" bev="0" fileid="4" />
                <SequencePoint vc="3" uspid="2446" ordinal="0" offset="74" sl="37" sc="9" el="37" ec="9" bec="0" bev="0" fileid="4" />
                <SequencePoint vc="3" uspid="2447" ordinal="0" offset="89" sl="39" sc="9" el="39" ec="9" bec="0" bev="0" fileid="4" />
                <SequencePoint vc="3" uspid="2448" ordinal="0" offset="100" sl="40" sc="9" el="40" ec="9" bec="0" bev="0" fileid="4" />
                <SequencePoint vc="3" uspid="2449" ordinal="0" offset="123" sl="42" sc="9" el="42" ec="9" bec="0" bev="0" fileid="4" />
                <SequencePoint vc="3" uspid="2450" ordinal="0" offset="139" sl="43" sc="9" el="43" ec="9" bec="0" bev="0" fileid="4" />
                <SequencePoint vc="3" uspid="2451" ordinal="0" offset="160" sl="44" sc="9" el="44" ec="9" bec="0" bev="0" fileid="4" />
                <SequencePoint vc="3" uspid="2452" ordinal="0" offset="181" sl="46" sc="9" el="46" ec="9" bec="0" bev="0" fileid="4" />
                <SequencePoint vc="3" uspid="2453" ordinal="0" offset="212" sl="48" sc="9" el="48" ec="9" bec="0" bev="0" fileid="4" />
                <SequencePoint vc="3" uspid="2454" ordinal="0" offset="235" sl="49" sc="5" el="49" ec="5" bec="0" bev="0" fileid="4" />
              </SequencePoints>
              <BranchPoints />
            </Method>
          </Methods>
        </Class>
        <Class>
          <Summary numSequencePoints="9" visitedSequencePoints="9" numBranchPoints="0" visitedBranchPoints="0" sequenceCoverage="100.0" branchCoverage="0.0" maxCyclomaticComplexity="0" minCyclomaticComplexity="0" maxCrapScore="0" minCrapScore="0" visitedClasses="1" numClasses="1" visitedMethods="1" numMethods="1" />
          <FullName>FunctionalTests/&lt;Teardown&gt;d__20</FullName>
          <Methods>
            <Method visited="true" cyclomaticComplexity="0" nPathComplexity="0" sequenceCoverage="100.0" branchCoverage="0" crapScore="0" isConstructor="false" isStatic="false" isGetter="false" isSetter="false">
              <Summary numSequencePoints="9" visitedSequencePoints="9" numBranchPoints="0" visitedBranchPoints="0" sequenceCoverage="100.0" branchCoverage="0" maxCyclomaticComplexity="0" minCyclomaticComplexity="0" maxCrapScore="0" minCrapScore="0" visitedClasses="0" numClasses="0" visitedMethods="1" numMethods="1" />
              <MetadataToken>100663393</MetadataToken>
              <Name>System.Boolean FunctionalTests/&lt;Teardown&gt;d__20::MoveNext()</Name>
              <FileRef uid="4" />
              <SequencePoints>
                <SequencePoint vc="3" uspid="2455" ordinal="0" offset="31" sl="52" sc="5" el="52" ec="5" bec="0" bev="0" fileid="4" />
                <SequencePoint vc="3" uspid="2456" ordinal="0" offset="32" sl="53" sc="9" el="53" ec="9" bec="0" bev="0" fileid="4" />
                <SequencePoint vc="3" uspid="2457" ordinal="0" offset="43" sl="54" sc="9" el="54" ec="9" bec="0" bev="0" fileid="4" />
                <SequencePoint vc="3" uspid="2458" ordinal="0" offset="54" sl="55" sc="9" el="55" ec="9" bec="0" bev="0" fileid="4" />
                <SequencePoint vc="3" uspid="2459" ordinal="0" offset="67" sl="57" sc="9" el="57" ec="9" bec="0" bev="0" fileid="4" />
                <SequencePoint vc="3" uspid="2460" ordinal="0" offset="78" sl="58" sc="9" el="58" ec="9" bec="0" bev="0" fileid="4" />
                <SequencePoint vc="3" uspid="2461" ordinal="0" offset="84" sl="60" sc="9" el="60" ec="9" bec="0" bev="0" fileid="4" />
                <SequencePoint vc="3" uspid="2462" ordinal="0" offset="116" sl="62" sc="9" el="62" ec="9" bec="0" bev="0" fileid="4" />
                <SequencePoint vc="3" uspid="2463" ordinal="0" offset="139" sl="63" sc="5" el="63" ec="5" bec="0" bev="0" fileid="4" />
              </SequencePoints>
              <BranchPoints />
            </Method>
          </Methods>
        </Class>
        <Class>
          <Summary numSequencePoints="14" visitedSequencePoints="14" numBranchPoints="0" visitedBranchPoints="0" sequenceCoverage="100.0" branchCoverage="0.0" maxCyclomaticComplexity="0" minCyclomaticComplexity="0" maxCrapScore="0" minCrapScore="0" visitedClasses="1" numClasses="1" visitedMethods="1" numMethods="1" />
          <FullName>FunctionalTests/&lt;WaitForColorChange&gt;d__26</FullName>
          <Methods>
            <Method visited="true" cyclomaticComplexity="0" nPathComplexity="0" sequenceCoverage="100.0" branchCoverage="0" crapScore="0" isConstructor="false" isStatic="false" isGetter="false" isSetter="false">
              <Summary numSequencePoints="14" visitedSequencePoints="14" numBranchPoints="0" visitedBranchPoints="0" sequenceCoverage="100.0" branchCoverage="0" maxCyclomaticComplexity="0" minCyclomaticComplexity="0" maxCrapScore="0" minCrapScore="0" visitedClasses="0" numClasses="0" visitedMethods="1" numMethods="1" />
              <MetadataToken>100663399</MetadataToken>
              <Name>System.Boolean FunctionalTests/&lt;WaitForColorChange&gt;d__26::MoveNext()</Name>
              <FileRef uid="4" />
              <SequencePoints>
                <SequencePoint vc="24" uspid="2464" ordinal="0" offset="34" sl="112" sc="5" el="112" ec="5" bec="0" bev="0" fileid="4" />
                <SequencePoint vc="24" uspid="2465" ordinal="0" offset="35" sl="113" sc="9" el="113" ec="9" bec="0" bev="0" fileid="4" />
                <SequencePoint vc="24" uspid="2466" ordinal="0" offset="46" sl="114" sc="9" el="114" ec="9" bec="0" bev="0" fileid="4" />
                <SequencePoint vc="24" uspid="2467" ordinal="0" offset="68" sl="115" sc="9" el="115" ec="9" bec="0" bev="0" fileid="4" />
                <SequencePoint vc="1114" uspid="2468" ordinal="0" offset="90" sl="117" sc="9" el="117" ec="9" bec="0" bev="0" fileid="4" />
                <SequencePoint vc="1114" uspid="2469" ordinal="0" offset="91" sl="118" sc="13" el="118" ec="13" bec="0" bev="0" fileid="4" />
                <SequencePoint vc="1114" uspid="2470" ordinal="0" offset="113" sl="119" sc="13" el="119" ec="13" bec="0" bev="0" fileid="4" />
                <SequencePoint vc="1114" uspid="2471" ordinal="0" offset="130" sl="120" sc="13" el="120" ec="13" bec="0" bev="0" fileid="4" />
                <SequencePoint vc="1114" uspid="2472" ordinal="0" offset="148" sl="121" sc="13" el="121" ec="13" bec="0" bev="0" fileid="4" />
                <SequencePoint vc="24" uspid="2473" ordinal="0" offset="210" sl="122" sc="17" el="122" ec="17" bec="0" bev="0" fileid="4" />
                <SequencePoint vc="1090" uspid="2474" ordinal="0" offset="212" sl="123" sc="13" el="123" ec="13" bec="0" bev="0" fileid="4" />
                <SequencePoint vc="1090" uspid="2475" ordinal="0" offset="235" sl="124" sc="9" el="124" ec="9" bec="0" bev="0" fileid="4" />
                <SequencePoint vc="1114" uspid="2476" ordinal="0" offset="260" sl="116" sc="9" el="116" ec="9" bec="0" bev="0" fileid="4" />
                <SequencePoint vc="24" uspid="2477" ordinal="0" offset="267" sl="125" sc="5" el="125" ec="5" bec="0" bev="0" fileid="4" />
              </SequencePoints>
              <BranchPoints />
            </Method>
          </Methods>
        </Class>
      </Classes>
    </Module>
    <Module>
      <Summary numSequencePoints="54" visitedSequencePoints="54" numBranchPoints="0" visitedBranchPoints="0" sequenceCoverage="100.0" branchCoverage="0.0" maxCyclomaticComplexity="0" minCyclomaticComplexity="0" maxCrapScore="0" minCrapScore="0" visitedClasses="4" numClasses="4" visitedMethods="11" numMethods="11" />
      <ModuleTime>0001-01-01T00:00:00</ModuleTime>
      <ModuleName>StandardAssembly</ModuleName>
      <Files>
        <File uid="5" fullPath="E:/UnityProjects/h25_scenario_a/scenario_a/Assets/Scripts/Dummy Script.cs" />
        <File uid="6" fullPath="E:/UnityProjects/h25_scenario_a/scenario_a/Assets/Scripts/FlowerLight.cs" />
      </Files>
      <Classes>
        <Class>
          <Summary numSequencePoints="21" visitedSequencePoints="21" numBranchPoints="0" visitedBranchPoints="0" sequenceCoverage="100.0" branchCoverage="0.0" maxCyclomaticComplexity="0" minCyclomaticComplexity="0" maxCrapScore="0" minCrapScore="0" visitedClasses="1" numClasses="1" visitedMethods="3" numMethods="3" />
          <FullName>FlowerLight</FullName>
          <Methods>
            <Method visited="true" cyclomaticComplexity="0" nPathComplexity="0" sequenceCoverage="100.0" branchCoverage="0" crapScore="0" isConstructor="false" isStatic="false" isGetter="false" isSetter="false">
              <Summary numSequencePoints="13" visitedSequencePoints="13" numBranchPoints="0" visitedBranchPoints="0" sequenceCoverage="100.0" branchCoverage="0" maxCyclomaticComplexity="0" minCyclomaticComplexity="0" maxCrapScore="0" minCrapScore="0" visitedClasses="0" numClasses="0" visitedMethods="1" numMethods="1" />
              <MetadataToken>100663300</MetadataToken>
              <Name>System.Void FlowerLight::Start()</Name>
              <FileRef uid="6" />
              <SequencePoints>
                <SequencePoint vc="9" uspid="2482" ordinal="0" offset="0" sl="20" sc="5" el="20" ec="5" bec="0" bev="0" fileid="6" />
                <SequencePoint vc="9" uspid="2483" ordinal="0" offset="1" sl="21" sc="9" el="21" ec="9" bec="0" bev="0" fileid="6" />
                <SequencePoint vc="9" uspid="2484" ordinal="0" offset="18" sl="22" sc="9" el="22" ec="9" bec="0" bev="0" fileid="6" />
                <SequencePoint vc="9" uspid="2485" ordinal="0" offset="30" sl="23" sc="9" el="23" ec="9" bec="0" bev="0" fileid="6" />
                <SequencePoint vc="9" uspid="2486" ordinal="0" offset="42" sl="24" sc="9" el="24" ec="9" bec="0" bev="0" fileid="6" />
                <SequencePoint vc="9" uspid="2487" ordinal="0" offset="56" sl="25" sc="14" el="25" ec="14" bec="0" bev="0" fileid="6" />
                <SequencePoint vc="27" uspid="2488" ordinal="0" offset="60" sl="26" sc="9" el="26" ec="9" bec="0" bev="0" fileid="6" />
                <SequencePoint vc="27" uspid="2489" ordinal="0" offset="61" sl="27" sc="13" el="27" ec="13" bec="0" bev="0" fileid="6" />
                <SequencePoint vc="27" uspid="2490" ordinal="0" offset="77" sl="28" sc="9" el="28" ec="9" bec="0" bev="0" fileid="6" />
                <SequencePoint vc="27" uspid="2491" ordinal="0" offset="78" sl="25" sc="44" el="25" ec="44" bec="0" bev="0" fileid="6" />
                <SequencePoint vc="36" uspid="2492" ordinal="0" offset="82" sl="25" sc="25" el="25" ec="25" bec="0" bev="0" fileid="6" />
                <SequencePoint vc="9" uspid="2493" ordinal="0" offset="92" sl="29" sc="9" el="29" ec="9" bec="0" bev="0" fileid="6" />
                <SequencePoint vc="9" uspid="2494" ordinal="0" offset="126" sl="30" sc="5" el="30" ec="5" bec="0" bev="0" fileid="6" />
              </SequencePoints>
              <BranchPoints />
            </Method>
            <Method visited="true" cyclomaticComplexity="0" nPathComplexity="0" sequenceCoverage="100.0" branchCoverage="0" crapScore="0" isConstructor="false" isStatic="false" isGetter="false" isSetter="false">
              <Summary numSequencePoints="4" visitedSequencePoints="4" numBranchPoints="0" visitedBranchPoints="0" sequenceCoverage="100.0" branchCoverage="0" maxCyclomaticComplexity="0" minCyclomaticComplexity="0" maxCrapScore="0" minCrapScore="0" visitedClasses="0" numClasses="0" visitedMethods="1" numMethods="1" />
              <MetadataToken>100663301</MetadataToken>
              <Name>System.Void FlowerLight::OnTriggerEnter(UnityEngine.Collider)</Name>
              <FileRef uid="6" />
              <SequencePoints>
                <SequencePoint vc="19" uspid="2495" ordinal="0" offset="0" sl="33" sc="5" el="33" ec="5" bec="0" bev="0" fileid="6" />
                <SequencePoint vc="19" uspid="2496" ordinal="0" offset="1" sl="34" sc="9" el="34" ec="9" bec="0" bev="0" fileid="6" />
                <SequencePoint vc="19" uspid="2497" ordinal="0" offset="27" sl="35" sc="13" el="35" ec="13" bec="0" bev="0" fileid="6" />
                <SequencePoint vc="19" uspid="2498" ordinal="0" offset="39" sl="36" sc="5" el="36" ec="5" bec="0" bev="0" fileid="6" />
              </SequencePoints>
              <BranchPoints />
            </Method>
            <Method visited="true" cyclomaticComplexity="0" nPathComplexity="0" sequenceCoverage="100.0" branchCoverage="0" crapScore="0" isConstructor="false" isStatic="false" isGetter="false" isSetter="false">
              <Summary numSequencePoints="4" visitedSequencePoints="4" numBranchPoints="0" visitedBranchPoints="0" sequenceCoverage="100.0" branchCoverage="0" maxCyclomaticComplexity="0" minCyclomaticComplexity="0" maxCrapScore="0" minCrapScore="0" visitedClasses="0" numClasses="0" visitedMethods="1" numMethods="1" />
              <MetadataToken>100663302</MetadataToken>
              <Name>System.Void FlowerLight::OnTriggerExit(UnityEngine.Collider)</Name>
              <FileRef uid="6" />
              <SequencePoints>
                <SequencePoint vc="18" uspid="2499" ordinal="0" offset="0" sl="39" sc="5" el="39" ec="5" bec="0" bev="0" fileid="6" />
                <SequencePoint vc="18" uspid="2500" ordinal="0" offset="1" sl="40" sc="9" el="40" ec="9" bec="0" bev="0" fileid="6" />
                <SequencePoint vc="18" uspid="2501" ordinal="0" offset="27" sl="41" sc="13" el="41" ec="13" bec="0" bev="0" fileid="6" />
                <SequencePoint vc="18" uspid="2502" ordinal="0" offset="39" sl="42" sc="5" el="42" ec="5" bec="0" bev="0" fileid="6" />
              </SequencePoints>
              <BranchPoints />
            </Method>
          </Methods>
        </Class>
        <Class>
          <Summary numSequencePoints="23" visitedSequencePoints="23" numBranchPoints="0" visitedBranchPoints="0" sequenceCoverage="100.0" branchCoverage="0.0" maxCyclomaticComplexity="0" minCyclomaticComplexity="0" maxCrapScore="0" minCrapScore="0" visitedClasses="1" numClasses="1" visitedMethods="4" numMethods="4" />
          <FullName>FlowerLight/FlowerLightLogic</FullName>
          <Methods>
            <Method visited="true" cyclomaticComplexity="0" nPathComplexity="0" sequenceCoverage="100.0" branchCoverage="0" crapScore="0" isConstructor="false" isStatic="false" isGetter="false" isSetter="false">
              <Summary numSequencePoints="3" visitedSequencePoints="3" numBranchPoints="0" visitedBranchPoints="0" sequenceCoverage="100.0" branchCoverage="0" maxCyclomaticComplexity="0" minCyclomaticComplexity="0" maxCrapScore="0" minCrapScore="0" visitedClasses="0" numClasses="0" visitedMethods="1" numMethods="1" />
              <MetadataToken>100663307</MetadataToken>
              <Name>System.Void FlowerLight/FlowerLightLogic::TriggerEnter()</Name>
              <FileRef uid="6" />
              <SequencePoints>
                <SequencePoint vc="19" uspid="2503" ordinal="0" offset="0" sl="90" sc="9" el="90" ec="9" bec="0" bev="0" fileid="6" />
                <SequencePoint vc="19" uspid="2504" ordinal="0" offset="1" sl="91" sc="13" el="91" ec="13" bec="0" bev="0" fileid="6" />
                <SequencePoint vc="19" uspid="2505" ordinal="0" offset="14" sl="92" sc="9" el="92" ec="9" bec="0" bev="0" fileid="6" />
              </SequencePoints>
              <BranchPoints />
            </Method>
            <Method visited="true" cyclomaticComplexity="0" nPathComplexity="0" sequenceCoverage="100.0" branchCoverage="0" crapScore="0" isConstructor="false" isStatic="false" isGetter="false" isSetter="false">
              <Summary numSequencePoints="3" visitedSequencePoints="3" numBranchPoints="0" visitedBranchPoints="0" sequenceCoverage="100.0" branchCoverage="0" maxCyclomaticComplexity="0" minCyclomaticComplexity="0" maxCrapScore="0" minCrapScore="0" visitedClasses="0" numClasses="0" visitedMethods="1" numMethods="1" />
              <MetadataToken>100663308</MetadataToken>
              <Name>System.Void FlowerLight/FlowerLightLogic::TriggerExit()</Name>
              <FileRef uid="6" />
              <SequencePoints>
[...]
              </SequencePoints>
              <BranchPoints />
            </Method>
            <Method visited="true" cyclomaticComplexity="0" nPathComplexity="0" sequenceCoverage="100.0" branchCoverage="0" crapScore="0" isConstructor="false" isStatic="false" isGetter="false" isSetter="false">
              <Summary numSequencePoints="4" visitedSequencePoints="4" numBranchPoints="0" visitedBranchPoints="0" sequenceCoverage="100.0" branchCoverage="0" maxCyclomaticComplexity="0" minCyclomaticComplexity="0" maxCrapScore="0" minCrapScore="0" visitedClasses="0" numClasses="0" visitedMethods="1" numMethods="1" />
              <MetadataToken>100663384</MetadataToken>
              <Name>System.Void UnityEngine.XR.Interaction.Toolkit.Samples.DeviceSimulator.XRDeviceSimulatorUI::OnSetMouseMode()</Name>
              <FileRef uid="20" />
              <SequencePoints>
                <SequencePoint vc="3" uspid="3925" ordinal="0" offset="0" sl="1044" sc="9" el="1044" ec="9" bec="0" bev="0" fileid="20" />
                <SequencePoint vc="3" uspid="3926" ordinal="0" offset="1" sl="1046" sc="13" el="1046" ec="13" bec="0" bev="0" fileid="20" />
                <SequencePoint vc="3" uspid="3927" ordinal="0" offset="83" sl="1050" sc="13" el="1050" ec="13" bec="0" bev="0" fileid="20" />
                <SequencePoint vc="3" uspid="3928" ordinal="0" offset="120" sl="1054" sc="9" el="1054" ec="9" bec="0" bev="0" fileid="20" />
              </SequencePoints>
              <BranchPoints />
            </Method>
            <Method visited="true" cyclomaticComplexity="0" nPathComplexity="0" sequenceCoverage="60.00" branchCoverage="0" crapScore="0" isConstructor="false" isStatic="false" isGetter="false" isSetter="false">
              <Summary numSequencePoints="20" visitedSequencePoints="12" numBranchPoints="0" visitedBranchPoints="0" sequenceCoverage="60.00" branchCoverage="0" maxCyclomaticComplexity="0" minCyclomaticComplexity="0" maxCrapScore="0" minCrapScore="0" visitedClasses="0" numClasses="0" visitedMethods="1" numMethods="1" />
              <MetadataToken>100663386</MetadataToken>
              <Name>System.Void UnityEngine.XR.Interaction.Toolkit.Samples.DeviceSimulator.XRDeviceSimulatorUI::OnXAxisTranslatePerformed(System.Boolean, System.Boolean)</Name>
              <FileRef uid="20" />
              <SequencePoints>
                <SequencePoint vc="18" uspid="3932" ordinal="0" offset="0" sl="1063" sc="9" el="1063" ec="9" bec="0" bev="0" fileid="20" />
                <SequencePoint vc="18" uspid="3933" ordinal="0" offset="1" sl="1064" sc="13" el="1064" ec="13" bec="0" bev="0" fileid="20" />
                <SequencePoint vc="18" uspid="3934" ordinal="0" offset="3" sl="1065" sc="13" el="1065" ec="13" bec="0" bev="0" fileid="20" />
                <SequencePoint vc="18" uspid="3935" ordinal="0" offset="11" sl="1066" sc="13" el="1066" ec="13" bec="0" bev="0" fileid="20" />
                <SequencePoint vc="18" uspid="3936" ordinal="0" offset="12" sl="1067" sc="17" el="1067" ec="17" bec="0" bev="0" fileid="20" />
                <SequencePoint vc="18" uspid="3937" ordinal="0" offset="19" sl="1068" sc="17" el="1068" ec="17" bec="0" bev="0" fileid="20" />
                <SequencePoint vc="18" uspid="3938" ordinal="0" offset="28" sl="1069" sc="13" el="1069" ec="13" bec="0" bev="0" fileid="20" />
                <SequencePoint vc="18" uspid="3939" ordinal="0" offset="29" sl="1071" sc="13" el="1071" ec="13" bec="0" bev="0" fileid="20" />
                <SequencePoint vc="0" uspid="3940" ordinal="0" offset="44" sl="1072" sc="13" el="1072" ec="13" bec="0" bev="0" fileid="20" />
                <SequencePoint vc="0" uspid="3941" ordinal="0" offset="45" sl="1073" sc="17" el="1073" ec="17" bec="0" bev="0" fileid="20" />
                <SequencePoint vc="0" uspid="3942" ordinal="0" offset="63" sl="1074" sc="17" el="1074" ec="17" bec="0" bev="0" fileid="20" />
                <SequencePoint vc="0" uspid="3943" ordinal="0" offset="71" sl="1075" sc="13" el="1075" ec="13" bec="0" bev="0" fileid="20" />
                <SequencePoint vc="18" uspid="3944" ordinal="0" offset="72" sl="1077" sc="13" el="1077" ec="13" bec="0" bev="0" fileid="20" />
                <SequencePoint vc="0" uspid="3945" ordinal="0" offset="89" sl="1078" sc="13" el="1078" ec="13" bec="0" bev="0" fileid="20" />
                <SequencePoint vc="0" uspid="3946" ordinal="0" offset="90" sl="1079" sc="17" el="1079" ec="17" bec="0" bev="0" fileid="20" />
                <SequencePoint vc="0" uspid="3947" ordinal="0" offset="109" sl="1080" sc="17" el="1080" ec="17" bec="0" bev="0" fileid="20" />
                <SequencePoint vc="0" uspid="3948" ordinal="0" offset="118" sl="1081" sc="13" el="1081" ec="13" bec="0" bev="0" fileid="20" />
                <SequencePoint vc="18" uspid="3949" ordinal="0" offset="119" sl="1083" sc="13" el="1083" ec="13" bec="0" bev="0" fileid="20" />
                <SequencePoint vc="18" uspid="3950" ordinal="0" offset="136" sl="1084" sc="17" el="1084" ec="17" bec="0" bev="0" fileid="20" />
                <SequencePoint vc="18" uspid="3951" ordinal="0" offset="165" sl="1085" sc="9" el="1085" ec="9" bec="0" bev="0" fileid="20" />
              </SequencePoints>
              <BranchPoints />
            </Method>
            <Method visited="true" cyclomaticComplexity="0" nPathComplexity="0" sequenceCoverage="83.33" branchCoverage="0" crapScore="0" isConstructor="false" isStatic="false" isGetter="false" isSetter="false">
              <Summary numSequencePoints="6" visitedSequencePoints="5" numBranchPoints="0" visitedBranchPoints="0" sequenceCoverage="83.33" branchCoverage="0" maxCyclomaticComplexity="0" minCyclomaticComplexity="0" maxCrapScore="0" minCrapScore="0" visitedClasses="0" numClasses="0" visitedMethods="1" numMethods="1" />
              <MetadataToken>100663390</MetadataToken>
              <Name>System.Void UnityEngine.XR.Interaction.Toolkit.Samples.DeviceSimulator.XRDeviceSimulatorUI::OnGripPerformed(System.Boolean)</Name>
              <FileRef uid="20" />
              <SequencePoints>
                <SequencePoint vc="6" uspid="3982" ordinal="0" offset="0" sl="1130" sc="9" el="1130" ec="9" bec="0" bev="0" fileid="20" />
                <SequencePoint vc="6" uspid="3983" ordinal="0" offset="1" sl="1131" sc="13" el="1131" ec="13" bec="0" bev="0" fileid="20" />
                <SequencePoint vc="6" uspid="3984" ordinal="0" offset="16" sl="1132" sc="17" el="1132" ec="17" bec="0" bev="0" fileid="20" />
                <SequencePoint vc="6" uspid="3985" ordinal="0" offset="29" sl="1134" sc="13" el="1134" ec="13" bec="0" bev="0" fileid="20" />
                <SequencePoint vc="0" uspid="3986" ordinal="0" offset="44" sl="1135" sc="17" el="1135" ec="17" bec="0" bev="0" fileid="20" />
                <SequencePoint vc="6" uspid="3987" ordinal="0" offset="57" sl="1136" sc="9" el="1136" ec="9" bec="0" bev="0" fileid="20" />
              </SequencePoints>
              <BranchPoints />
            </Method>
            <Method visited="true" cyclomaticComplexity="0" nPathComplexity="0" sequenceCoverage="100.0" branchCoverage="0" crapScore="0" isConstructor="true" isStatic="false" isGetter="false" isSetter="false">
              <Summary numSequencePoints="9" visitedSequencePoints="9" numBranchPoints="0" visitedBranchPoints="0" sequenceCoverage="100.0" branchCoverage="0" maxCyclomaticComplexity="0" minCyclomaticComplexity="0" maxCrapScore="0" minCrapScore="0" visitedClasses="0" numClasses="0" visitedMethods="1" numMethods="1" />
              <MetadataToken>100663394</MetadataToken>
              <Name>UnityEngine.XR.Interaction.Toolkit.Samples.DeviceSimulator.XRDeviceSimulatorUI::XRDeviceSimulatorUI()</Name>
              <FileRef uid="20" />
              <SequencePoints>
                <SequencePoint vc="4" uspid="4006" ordinal="0" offset="0" sl="26" sc="9" el="26" ec="9" bec="0" bev="0" fileid="20" />
                <SequencePoint vc="4" uspid="4007" ordinal="0" offset="7" sl="238" sc="9" el="238" ec="9" bec="0" bev="0" fileid="20" />
                <SequencePoint vc="4" uspid="4008" ordinal="0" offset="18" sl="255" sc="9" el="255" ec="9" bec="0" bev="0" fileid="20" />
                <SequencePoint vc="4" uspid="4009" ordinal="0" offset="29" sl="272" sc="9" el="272" ec="9" bec="0" bev="0" fileid="20" />
                <SequencePoint vc="4" uspid="4010" ordinal="0" offset="40" sl="289" sc="9" el="289" ec="9" bec="0" bev="0" fileid="20" />
                <SequencePoint vc="4" uspid="4011" ordinal="0" offset="51" sl="306" sc="9" el="306" ec="9" bec="0" bev="0" fileid="20" />
                <SequencePoint vc="4" uspid="4012" ordinal="0" offset="62" sl="323" sc="9" el="323" ec="9" bec="0" bev="0" fileid="20" />
                <SequencePoint vc="4" uspid="4013" ordinal="0" offset="73" sl="340" sc="9" el="340" ec="9" bec="0" bev="0" fileid="20" />
                <SequencePoint vc="4" uspid="4014" ordinal="0" offset="84" sl="357" sc="9" el="357" ec="9" bec="0" bev="0" fileid="20" />
              </SequencePoints>
              <BranchPoints />
            </Method>
            <Method visited="true" cyclomaticComplexity="0" nPathComplexity="0" sequenceCoverage="100.0" branchCoverage="0" crapScore="0" isConstructor="true" isStatic="true" isGetter="false" isSetter="false">
              <Summary numSequencePoints="16" visitedSequencePoints="16" numBranchPoints="0" visitedBranchPoints="0" sequenceCoverage="100.0" branchCoverage="0" maxCyclomaticComplexity="0" minCyclomaticComplexity="0" maxCrapScore="0" minCrapScore="0" visitedClasses="0" numClasses="0" visitedMethods="1" numMethods="1" />
              <MetadataToken>100663395</MetadataToken>
              <Name>static UnityEngine.XR.Interaction.Toolkit.Samples.DeviceSimulator.XRDeviceSimulatorUI::XRDeviceSimulatorUI()</Name>
              <FileRef uid="20" />
              <SequencePoints>
                <SequencePoint vc="1" uspid="4015" ordinal="0" offset="0" sl="234" sc="9" el="234" ec="9" bec="0" bev="0" fileid="20" />
                <SequencePoint vc="1" uspid="4016" ordinal="0" offset="25" sl="235" sc="9" el="235" ec="9" bec="0" bev="0" fileid="20" />
                <SequencePoint vc="1" uspid="4017" ordinal="0" offset="50" sl="251" sc="9" el="251" ec="9" bec="0" bev="0" fileid="20" />
                <SequencePoint vc="1" uspid="4018" ordinal="0" offset="80" sl="252" sc="9" el="252" ec="9" bec="0" bev="0" fileid="20" />
                <SequencePoint vc="1" uspid="4019" ordinal="0" offset="110" sl="268" sc="9" el="268" ec="9" bec="0" bev="0" fileid="20" />
                <SequencePoint vc="1" uspid="4020" ordinal="0" offset="135" sl="269" sc="9" el="269" ec="9" bec="0" bev="0" fileid="20" />
                <SequencePoint vc="1" uspid="4021" ordinal="0" offset="160" sl="285" sc="9" el="285" ec="9" bec="0" bev="0" fileid="20" />
                <SequencePoint vc="1" uspid="4022" ordinal="0" offset="190" sl="286" sc="9" el="286" ec="9" bec="0" bev="0" fileid="20" />
                <SequencePoint vc="1" uspid="4023" ordinal="0" offset="220" sl="302" sc="9" el="302" ec="9" bec="0" bev="0" fileid="20" />
                <SequencePoint vc="1" uspid="4024" ordinal="0" offset="245" sl="303" sc="9" el="303" ec="9" bec="0" bev="0" fileid="20" />
                <SequencePoint vc="1" uspid="4025" ordinal="0" offset="270" sl="319" sc="9" el="319" ec="9" bec="0" bev="0" fileid="20" />
                <SequencePoint vc="1" uspid="4026" ordinal="0" offset="280" sl="320" sc="9" el="320" ec="9" bec="0" bev="0" fileid="20" />
                <SequencePoint vc="1" uspid="4027" ordinal="0" offset="305" sl="336" sc="9" el="336" ec="9" bec="0" bev="0" fileid="20" />
                <SequencePoint vc="1" uspid="4028" ordinal="0" offset="330" sl="337" sc="9" el="337" ec="9" bec="0" bev="0" fileid="20" />
                <SequencePoint vc="1" uspid="4029" ordinal="0" offset="355" sl="353" sc="9" el="353" ec="9" bec="0" bev="0" fileid="20" />
                <SequencePoint vc="1" uspid="4030" ordinal="0" offset="380" sl="354" sc="9" el="354" ec="9" bec="0" bev="0" fileid="20" />
              </SequencePoints>
              <BranchPoints />
            </Method>
          </Methods>
        </Class>
        <Class>
          <Summary numSequencePoints="24" visitedSequencePoints="24" numBranchPoints="0" visitedBranchPoints="0" sequenceCoverage="100.0" branchCoverage="0.0" maxCyclomaticComplexity="0" minCyclomaticComplexity="0" maxCrapScore="0" minCrapScore="0" visitedClasses="1" numClasses="1" visitedMethods="4" numMethods="4" />
          <FullName>UnityEngine.XR.Interaction.Toolkit.Samples.DeviceSimulator.XRDeviceSimulatorHandsUI/HandExpressionUI</FullName>
          <Methods>
            <Method visited="true" cyclomaticComplexity="0" nPathComplexity="0" sequenceCoverage="100.0" branchCoverage="0" crapScore="0" isConstructor="false" isStatic="false" isGetter="false" isSetter="false">
              <Summary numSequencePoints="7" visitedSequencePoints="7" numBranchPoints="0" visitedBranchPoints="0" sequenceCoverage="100.0" branchCoverage="0" maxCyclomaticComplexity="0" minCyclomaticComplexity="0" maxCrapScore="0" minCrapScore="0" visitedClasses="0" numClasses="0" visitedMethods="1" numMethods="1" />
              <MetadataToken>100663398</MetadataToken>
              <Name>System.Void UnityEngine.XR.Interaction.Toolkit.Samples.DeviceSimulator.XRDeviceSimulatorHandsUI/HandExpressionUI::Initialize(UnityEngine.InputSystem.InputAction, System.String, UnityEngine.Sprite)</Name>
              <FileRef uid="19" />
              <SequencePoints>
                <SequencePoint vc="36" uspid="4033" ordinal="0" offset="0" sl="35" sc="13" el="35" ec="13" bec="0" bev="0" fileid="19" />
                <SequencePoint vc="36" uspid="4034" ordinal="0" offset="1" sl="36" sc="17" el="36" ec="17" bec="0" bev="0" fileid="19" />
                <SequencePoint vc="36" uspid="4035" ordinal="0" offset="8" sl="37" sc="17" el="37" ec="17" bec="0" bev="0" fileid="19" />
                <SequencePoint vc="36" uspid="4036" ordinal="0" offset="45" sl="38" sc="17" el="38" ec="17" bec="0" bev="0" fileid="19" />
                <SequencePoint vc="36" uspid="4037" ordinal="0" offset="73" sl="39" sc="17" el="39" ec="17" bec="0" bev="0" fileid="19" />
                <SequencePoint vc="36" uspid="4038" ordinal="0" offset="84" sl="40" sc="21" el="40" ec="21" bec="0" bev="0" fileid="19" />
                <SequencePoint vc="36" uspid="4039" ordinal="0" offset="91" sl="41" sc="13" el="41" ec="13" bec="0" bev="0" fileid="19" />
              </SequencePoints>
              <BranchPoints />
            </Method>
            <Method visited="true" cyclomaticComplexity="0" nPathComplexity="0" sequenceCoverage="100.0" branchCoverage="0" crapScore="0" isConstructor="false" isStatic="false" isGetter="false" isSetter="false">
              <Summary numSequencePoints="9" visitedSequencePoints="9" numBranchPoints="0" visitedBranchPoints="0" sequenceCoverage="100.0" branchCoverage="0" maxCyclomaticComplexity="0" minCyclomaticComplexity="0" maxCrapScore="0" minCrapScore="0" visitedClasses="0" numClasses="0" visitedMethods="1" numMethods="1" />
              <MetadataToken>100663399</MetadataToken>
              <Name>System.Void UnityEngine.XR.Interaction.Toolkit.Samples.DeviceSimulator.XRDeviceSimulatorHandsUI/HandExpressionUI::UpdateButtonVisuals(System.Boolean, UnityEngine.XR.Interaction.Toolkit.Samples.DeviceSimulator.XRDeviceSimulatorUI)</Name>
              <FileRef uid="19" />
              <SequencePoints>
                <SequencePoint vc="72" uspid="4040" ordinal="0" offset="0" sl="44" sc="13" el="44" ec="13" bec="0" bev="0" fileid="19" />
                <SequencePoint vc="72" uspid="4041" ordinal="0" offset="1" sl="45" sc="17" el="45" ec="17" bec="0" bev="0" fileid="19" />
                <SequencePoint vc="72" uspid="4042" ordinal="0" offset="9" sl="47" sc="17" el="47" ec="17" bec="0" bev="0" fileid="19" />
                <SequencePoint vc="72" uspid="4043" ordinal="0" offset="27" sl="48" sc="17" el="48" ec="17" bec="0" bev="0" fileid="19" />
                <SequencePoint vc="72" uspid="4044" ordinal="0" offset="40" sl="49" sc="17" el="49" ec="17" bec="0" bev="0" fileid="19" />
                <SequencePoint vc="72" uspid="4045" ordinal="0" offset="53" sl="50" sc="17" el="50" ec="17" bec="0" bev="0" fileid="19" />
                <SequencePoint vc="72" uspid="4046" ordinal="0" offset="66" sl="52" sc="17" el="52" ec="17" bec="0" bev="0" fileid="19" />
                <SequencePoint vc="72" uspid="4047" ordinal="0" offset="88" sl="53" sc="17" el="53" ec="17" bec="0" bev="0" fileid="19" />
                <SequencePoint vc="72" uspid="4048" ordinal="0" offset="133" sl="54" sc="13" el="54" ec="13" bec="0" bev="0" fileid="19" />
              </SequencePoints>
              <BranchPoints />
            </Method>
            <Method visited="true" cyclomaticComplexity="0" nPathComplexity="0" sequenceCoverage="100.0" branchCoverage="0" crapScore="0" isConstructor="false" isStatic="false" isGetter="false" isSetter="false">
              <Summary numSequencePoints="3" visitedSequencePoints="3" numBranchPoints="0" visitedBranchPoints="0" sequenceCoverage="100.0" branchCoverage="0" maxCyclomaticComplexity="0" minCyclomaticComplexity="0" maxCrapScore="0" minCrapScore="0" visitedClasses="0" numClasses="0" visitedMethods="1" numMethods="1" />
              <MetadataToken>100663400</MetadataToken>
              <Name>System.Void UnityEngine.XR.Interaction.Toolkit.Samples.DeviceSimulator.XRDeviceSimulatorHandsUI/HandExpressionUI::SetButtonColor(UnityEngine.Color)</Name>
              <FileRef uid="19" />
              <SequencePoints>
                <SequencePoint vc="72" uspid="4049" ordinal="0" offset="0" sl="57" sc="13" el="57" ec="13" bec="0" bev="0" fileid="19" />
                <SequencePoint vc="72" uspid="4050" ordinal="0" offset="1" sl="58" sc="17" el="58" ec="17" bec="0" bev="0" fileid="19" />
                <SequencePoint vc="72" uspid="4051" ordinal="0" offset="14" sl="59" sc="13" el="59" ec="13" bec="0" bev="0" fileid="19" />
              </SequencePoints>
              <BranchPoints />
            </Method>
            <Method visited="true" cyclomaticComplexity="0" nPathComplexity="0" sequenceCoverage="100.0" branchCoverage="0" crapScore="0" isConstructor="false" isStatic="false" isGetter="false" isSetter="false">
              <Summary numSequencePoints="5" visitedSequencePoints="5" numBranchPoints="0" visitedBranchPoints="0" sequenceCoverage="100.0" branchCoverage="0" maxCyclomaticComplexity="0" minCyclomaticComplexity="0" maxCrapScore="0" minCrapScore="0" visitedClasses="0" numClasses="0" visitedMethods="1" numMethods="1" />
              <MetadataToken>100663401</MetadataToken>
              <Name>System.Void UnityEngine.XR.Interaction.Toolkit.Samples.DeviceSimulator.XRDeviceSimulatorHandsUI/HandExpressionUI::UpdateButtonActive(System.Boolean)</Name>
              <FileRef uid="19" />
              <SequencePoints>
                <SequencePoint vc="144" uspid="4052" ordinal="0" offset="0" sl="62" sc="13" el="62" ec="13" bec="0" bev="0" fileid="19" />
                <SequencePoint vc="144" uspid="4053" ordinal="0" offset="1" sl="63" sc="17" el="63" ec="17" bec="0" bev="0" fileid="19" />
                <SequencePoint vc="144" uspid="4054" ordinal="0" offset="19" sl="64" sc="17" el="64" ec="17" bec="0" bev="0" fileid="19" />
                <SequencePoint vc="144" uspid="4055" ordinal="0" offset="37" sl="65" sc="17" el="65" ec="17" bec="0" bev="0" fileid="19" />
                <SequencePoint vc="144" uspid="4056" ordinal="0" offset="55" sl="66" sc="13" el="66" ec="13" bec="0" bev="0" fileid="19" />
              </SequencePoints>
              <BranchPoints />
            </Method>
          </Methods>
        </Class>
      </Classes>
    </Module>
  </Modules>
</CoverageSession>