<?xml version="1.0" encoding="utf-8"?>
<CoverageSession xmlns:xsd="http://www.w3.org/2001/XMLSchema" xmlns:xsi="http://www.w3.org/2001/XMLSchema-instance" Version="0.0.0.0">
  <Summary numSequencePoints="81" visitedSequencePoints="81" numBranchPoints="0" visitedBranchPoints="0" sequenceCoverage="100.0" branchCoverage="0.0" maxCyclomaticComplexity="0" minCyclomaticComplexity="0" maxCrapScore="0" minCrapScore="0" visitedClasses="2" numClasses="2" visitedMethods="9" numMethods="9" />
  <Modules>
    <Module>
      <Summary numSequencePoints="58" visitedSequencePoints="58" numBranchPoints="0" visitedBranchPoints="0" sequenceCoverage="100.0" branchCoverage="0.0" maxCyclomaticComplexity="0" minCyclomaticComplexity="0" maxCrapScore="0" minCrapScore="0" visitedClasses="1" numClasses="1" visitedMethods="5" numMethods="5" />
      <ModuleTime>0001-01-01T00:00:00</ModuleTime>
      <ModuleName>EditModeTests</ModuleName>
      <Files>
        <File uid="1" fullPath="E:/UnityProjects/h25_scenario_a/scenario_a/Assets/Scripts/Edit Mode Tests/FlowerLight Unit Tests.cs" />
      </Files>
      <Classes>
        <Class>
          <Summary numSequencePoints="58" visitedSequencePoints="58" numBranchPoints="0" visitedBranchPoints="0" sequenceCoverage="100.0" branchCoverage="0.0" maxCyclomaticComplexity="0" minCyclomaticComplexity="0" maxCrapScore="0" minCrapScore="0" visitedClasses="1" numClasses="1" visitedMethods="5" numMethods="5" />
          <FullName>FlowerLightUnitTests</FullName>
          <Methods>
            <Method visited="true" cyclomaticComplexity="0" nPathComplexity="0" sequenceCoverage="100.0" branchCoverage="0" crapScore="0" isConstructor="false" isStatic="false" isGetter="false" isSetter="false">
              <Summary numSequencePoints="4" visitedSequencePoints="4" numBranchPoints="0" visitedBranchPoints="0" sequenceCoverage="100.0" branchCoverage="0" maxCyclomaticComplexity="0" minCyclomaticComplexity="0" maxCrapScore="0" minCrapScore="0" visitedClasses="0" numClasses="0" visitedMethods="1" numMethods="1" />
              <MetadataToken>100663297</MetadataToken>
              <Name>FlowerLight/FlowerLightLogic/ILight[] FlowerLightUnitTests::CreateLampLights(UnityEngine.Color)</Name>
              <FileRef uid="1" />
              <SequencePoints>
                <SequencePoint vc="3" uspid="2029" ordinal="0" offset="8" sl="11" sc="5" el="11" ec="5" bec="0" bev="0" fileid="1" />
                <SequencePoint vc="3" uspid="2030" ordinal="0" offset="9" sl="12" sc="9" el="12" ec="9" bec="0" bev="0" fileid="1" />
                <SequencePoint vc="3" uspid="2031" ordinal="0" offset="56" sl="13" sc="9" el="13" ec="9" bec="0" bev="0" fileid="1" />
                <SequencePoint vc="3" uspid="2032" ordinal="0" offset="60" sl="20" sc="5" el="20" ec="5" bec="0" bev="0" fileid="1" />
              </SequencePoints>
              <BranchPoints />
            </Method>
            <Method visited="true" cyclomaticComplexity="0" nPathComplexity="0" sequenceCoverage="100.0" branchCoverage="0" crapScore="0" isConstructor="false" isStatic="false" isGetter="false" isSetter="false">
              <Summary numSequencePoints="14" visitedSequencePoints="14" numBranchPoints="0" visitedBranchPoints="0" sequenceCoverage="100.0" branchCoverage="0" maxCyclomaticComplexity="0" minCyclomaticComplexity="0" maxCrapScore="0" minCrapScore="0" visitedClasses="0" numClasses="0" visitedMethods="1" numMethods="1" />
              <MetadataToken>100663298</MetadataToken>
              <Name>System.Void FlowerLightUnitTests::TriggerEnterLightChangePass()</Name>
              <FileRef uid="1" />
              <SequencePoints>
                <SequencePoint vc="1" uspid="2033" ordinal="0" offset="0" sl="24" sc="5" el="24" ec="5" bec="0" bev="0" fileid="1" />
                <SequencePoint vc="1" uspid="2034" ordinal="0" offset="1" sl="26" sc="9" el="26" ec="9" bec="0" bev="0" fileid="1" />
                <SequencePoint vc="1" uspid="2035" ordinal="0" offset="7" sl="27" sc="9" el="27" ec="9" bec="0" bev="0" fileid="1" />
                <SequencePoint vc="1" uspid="2036" ordinal="0" offset="13" sl="28" sc="9" el="28" ec="9" bec="0" bev="0" fileid="1" />
                <SequencePoint vc="1" uspid="2037" ordinal="0" offset="24" sl="29" sc="9" el="29" ec="9" bec="0" bev="0" fileid="1" />
                <SequencePoint vc="1" uspid="2038" ordinal="0" offset="32" sl="30" sc="9" el="30" ec="9" bec="0" bev="0" fileid="1" />
                <SequencePoint vc="1" uspid="2039" ordinal="0" offset="40" sl="32" sc="9" el="32" ec="9" bec="0" bev="0" fileid="1" />
                <SequencePoint vc="1" uspid="2040" ordinal="0" offset="51" sl="34" sc="9" el="34" ec="9" bec="0" bev="0" fileid="1" />
                <SequencePoint vc="1" uspid="2041" ordinal="0" offset="54" sl="37" sc="9" el="37" ec="9" bec="0" bev="0" fileid="1" />
                <SequencePoint vc="1" uspid="2042" ordinal="0" offset="62" sl="38" sc="9" el="38" ec="9" bec="0" bev="0" fileid="1" />
                <SequencePoint vc="1" uspid="2043" ordinal="0" offset="70" sl="39" sc="9" el="39" ec="9" bec="0" bev="0" fileid="1" />
                <SequencePoint vc="1" uspid="2044" ordinal="0" offset="80" sl="42" sc="9" el="42" ec="9" bec="0" bev="0" fileid="1" />
                <SequencePoint vc="1" uspid="2045" ordinal="0" offset="110" sl="43" sc="9" el="43" ec="9" bec="0" bev="0" fileid="1" />
                <SequencePoint vc="1" uspid="2046" ordinal="0" offset="140" sl="44" sc="5" el="44" ec="5" bec="0" bev="0" fileid="1" />
              </SequencePoints>
              <BranchPoints />
            </Method>
            <Method visited="true" cyclomaticComplexity="0" nPathComplexity="0" sequenceCoverage="100.0" branchCoverage="0" crapScore="0" isConstructor="false" isStatic="false" isGetter="false" isSetter="false">
              <Summary numSequencePoints="15" visitedSequencePoints="15" numBranchPoints="0" visitedBranchPoints="0" sequenceCoverage="100.0" branchCoverage="0" maxCyclomaticComplexity="0" minCyclomaticComplexity="0" maxCrapScore="0" minCrapScore="0" visitedClasses="0" numClasses="0" visitedMethods="1" numMethods="1" />
              <MetadataToken>100663299</MetadataToken>
              <Name>System.Void FlowerLightUnitTests::TriggerExitLightChangePass()</Name>
              <FileRef uid="1" />
              <SequencePoints>
                <SequencePoint vc="1" uspid="2047" ordinal="0" offset="0" sl="48" sc="5" el="48" ec="5" bec="0" bev="0" fileid="1" />
                <SequencePoint vc="1" uspid="2048" ordinal="0" offset="1" sl="50" sc="9" el="50" ec="9" bec="0" bev="0" fileid="1" />
                <SequencePoint vc="1" uspid="2049" ordinal="0" offset="7" sl="51" sc="9" el="51" ec="9" bec="0" bev="0" fileid="1" />
                <SequencePoint vc="1" uspid="2050" ordinal="0" offset="13" sl="52" sc="9" el="52" ec="9" bec="0" bev="0" fileid="1" />
                <SequencePoint vc="1" uspid="2051" ordinal="0" offset="24" sl="53" sc="9" el="53" ec="9" bec="0" bev="0" fileid="1" />
                <SequencePoint vc="1" uspid="2052" ordinal="0" offset="32" sl="54" sc="9" el="54" ec="9" bec="0" bev="0" fileid="1" />
                <SequencePoint vc="1" uspid="2053" ordinal="0" offset="40" sl="56" sc="9" el="56" ec="9" bec="0" bev="0" fileid="1" />
                <SequencePoint vc="1" uspid="2054" ordinal="0" offset="51" sl="58" sc="9" el="58" ec="9" bec="0" bev="0" fileid="1" />
                <SequencePoint vc="1" uspid="2055" ordinal="0" offset="54" sl="61" sc="9" el="61" ec="9" bec="0" bev="0" fileid="1" />
                <SequencePoint vc="1" uspid="2056" ordinal="0" offset="62" sl="62" sc="9" el="62" ec="9" bec="0" bev="0" fileid="1" />
                <SequencePoint vc="1" uspid="2057" ordinal="0" offset="70" sl="63" sc="9" el="63" ec="9" bec="0" bev="0" fileid="1" />
                <SequencePoint vc="1" uspid="2058" ordinal="0" offset="78" sl="64" sc="9" el="64" ec="9" bec="0" bev="0" fileid="1" />
                <SequencePoint vc="1" uspid="2059" ordinal="0" offset="88" sl="67" sc="9" el="67" ec="9" bec="0" bev="0" fileid="1" />
                <SequencePoint vc="1" uspid="2060" ordinal="0" offset="118" sl="68" sc="9" el="68" ec="9" bec="0" bev="0" fileid="1" />
                <SequencePoint vc="1" uspid="2061" ordinal="0" offset="148" sl="69" sc="5" el="69" ec="5" bec="0" bev="0" fileid="1" />
              </SequencePoints>
              <BranchPoints />
            </Method>
            <Method visited="true" cyclomaticComplexity="0" nPathComplexity="0" sequenceCoverage="100.0" branchCoverage="0" crapScore="0" isConstructor="false" isStatic="false" isGetter="false" isSetter="false">
              <Summary numSequencePoints="20" visitedSequencePoints="20" numBranchPoints="0" visitedBranchPoints="0" sequenceCoverage="100.0" branchCoverage="0" maxCyclomaticComplexity="0" minCyclomaticComplexity="0" maxCrapScore="0" minCrapScore="0" visitedClasses="0" numClasses="0" visitedMethods="1" numMethods="1" />
              <MetadataToken>100663300</MetadataToken>
              <Name>System.Void FlowerLightUnitTests::FullLightChangePass()</Name>
              <FileRef uid="1" />
              <SequencePoints>
                <SequencePoint vc="1" uspid="2062" ordinal="0" offset="0" sl="73" sc="5" el="73" ec="5" bec="0" bev="0" fileid="1" />
                <SequencePoint vc="1" uspid="2063" ordinal="0" offset="1" sl="75" sc="9" el="75" ec="9" bec="0" bev="0" fileid="1" />
                <SequencePoint vc="1" uspid="2064" ordinal="0" offset="7" sl="76" sc="9" el="76" ec="9" bec="0" bev="0" fileid="1" />
                <SequencePoint vc="1" uspid="2065" ordinal="0" offset="13" sl="77" sc="9" el="77" ec="9" bec="0" bev="0" fileid="1" />
                <SequencePoint vc="1" uspid="2066" ordinal="0" offset="24" sl="78" sc="9" el="78" ec="9" bec="0" bev="0" fileid="1" />
                <SequencePoint vc="1" uspid="2067" ordinal="0" offset="32" sl="79" sc="9" el="79" ec="9" bec="0" bev="0" fileid="1" />
                <SequencePoint vc="1" uspid="2068" ordinal="0" offset="40" sl="81" sc="9" el="81" ec="9" bec="0" bev="0" fileid="1" />
                <SequencePoint vc="1" uspid="2069" ordinal="0" offset="51" sl="83" sc="9" el="83" ec="9" bec="0" bev="0" fileid="1" />
                <SequencePoint vc="1" uspid="2070" ordinal="0" offset="54" sl="84" sc="9" el="84" ec="9" bec="0" bev="0" fileid="1" />
                <SequencePoint vc="1" uspid="2071" ordinal="0" offset="57" sl="87" sc="9" el="87" ec="9" bec="0" bev="0" fileid="1" />
                <SequencePoint vc="1" uspid="2072" ordinal="0" offset="65" sl="88" sc="9" el="88" ec="9" bec="0" bev="0" fileid="1" />
                <SequencePoint vc="1" uspid="2073" ordinal="0" offset="73" sl="89" sc="9" el="89" ec="9" bec="0" bev="0" fileid="1" />
                <SequencePoint vc="1" uspid="2074" ordinal="0" offset="83" sl="91" sc="9" el="91" ec="9" bec="0" bev="0" fileid="1" />
                <SequencePoint vc="1" uspid="2075" ordinal="0" offset="91" sl="92" sc="9" el="92" ec="9" bec="0" bev="0" fileid="1" />
                <SequencePoint vc="1" uspid="2076" ordinal="0" offset="99" sl="93" sc="9" el="93" ec="9" bec="0" bev="0" fileid="1" />
                <SequencePoint vc="1" uspid="2077" ordinal="0" offset="109" sl="96" sc="9" el="96" ec="9" bec="0" bev="0" fileid="1" />
                <SequencePoint vc="1" uspid="2078" ordinal="0" offset="139" sl="97" sc="9" el="97" ec="9" bec="0" bev="0" fileid="1" />
                <SequencePoint vc="1" uspid="2079" ordinal="0" offset="169" sl="99" sc="9" el="99" ec="9" bec="0" bev="0" fileid="1" />
                <SequencePoint vc="1" uspid="2080" ordinal="0" offset="199" sl="100" sc="9" el="100" ec="9" bec="0" bev="0" fileid="1" />
                <SequencePoint vc="1" uspid="2081" ordinal="0" offset="229" sl="101" sc="5" el="101" ec="5" bec="0" bev="0" fileid="1" />
              </SequencePoints>
              <BranchPoints />
            </Method>
            <Method visited="true" cyclomaticComplexity="0" nPathComplexity="0" sequenceCoverage="100.0" branchCoverage="0" crapScore="0" isConstructor="false" isStatic="true" isGetter="false" isSetter="false">
              <Summary numSequencePoints="5" visitedSequencePoints="5" numBranchPoints="0" visitedBranchPoints="0" sequenceCoverage="100.0" branchCoverage="0" maxCyclomaticComplexity="0" minCyclomaticComplexity="0" maxCrapScore="0" minCrapScore="0" visitedClasses="0" numClasses="0" visitedMethods="1" numMethods="1" />
              <MetadataToken>100663302</MetadataToken>
              <Name>static FlowerLight/FlowerLightLogic/ILight FlowerLightUnitTests::&lt;CreateLampLights&gt;g__SubstituteLight|0_0(FlowerLightUnitTests/&lt;&gt;c__DisplayClass0_0&amp;)</Name>
              <FileRef uid="1" />
              <SequencePoints>
                <SequencePoint vc="12" uspid="2082" ordinal="0" offset="0" sl="15" sc="9" el="15" ec="9" bec="0" bev="0" fileid="1" />
                <SequencePoint vc="12" uspid="2083" ordinal="0" offset="1" sl="16" sc="13" el="16" ec="13" bec="0" bev="0" fileid="1" />
                <SequencePoint vc="12" uspid="2084" ordinal="0" offset="12" sl="17" sc="13" el="17" ec="13" bec="0" bev="0" fileid="1" />
                <SequencePoint vc="12" uspid="2085" ordinal="0" offset="25" sl="18" sc="13" el="18" ec="13" bec="0" bev="0" fileid="1" />
                <SequencePoint vc="12" uspid="2086" ordinal="0" offset="29" sl="19" sc="9" el="19" ec="9" bec="0" bev="0" fileid="1" />
              </SequencePoints>
              <BranchPoints />
            </Method>
          </Methods>
        </Class>
      </Classes>
    </Module>
    <Module>
      <Summary numSequencePoints="23" visitedSequencePoints="23" numBranchPoints="0" visitedBranchPoints="0" sequenceCoverage="100.0" branchCoverage="0.0" maxCyclomaticComplexity="0" minCyclomaticComplexity="0" maxCrapScore="0" minCrapScore="0" visitedClasses="1" numClasses="1" visitedMethods="4" numMethods="4" />
      <ModuleTime>0001-01-01T00:00:00</ModuleTime>
      <ModuleName>StandardAssembly</ModuleName>
      <Files>
        <File uid="5" fullPath="E:/UnityProjects/h25_scenario_a/scenario_a/Assets/Scripts/Dummy Script.cs" />
        <File uid="6" fullPath="E:/UnityProjects/h25_scenario_a/scenario_a/Assets/Scripts/FlowerLight.cs" />
      </Files>
      <Classes>
        <Class>
          <Summary numSequencePoints="23" visitedSequencePoints="23" numBranchPoints="0" visitedBranchPoints="0" sequenceCoverage="100.0" branchCoverage="0.0" maxCyclomaticComplexity="0" minCyclomaticComplexity="0" maxCrapScore="0" minCrapScore="0" visitedClasses="1" numClasses="1" visitedMethods="4" numMethods="4" />
          <FullName>FlowerLight/FlowerLightLogic</FullName>
          <Methods>
            <Method visited="true" cyclomaticComplexity="0" nPathComplexity="0" sequenceCoverage="100.0" branchCoverage="0" crapScore="0" isConstructor="false" isStatic="false" isGetter="false" isSetter="false">
              <Summary numSequencePoints="3" visitedSequencePoints="3" numBranchPoints="0" visitedBranchPoints="0" sequenceCoverage="100.0" branchCoverage="0" maxCyclomaticComplexity="0" minCyclomaticComplexity="0" maxCrapScore="0" minCrapScore="0" visitedClasses="0" numClasses="0" visitedMethods="1" numMethods="1" />
              <MetadataToken>100663307</MetadataToken>
              <Name>System.Void FlowerLight/FlowerLightLogic::TriggerEnter()</Name>
              <FileRef uid="6" />
              <SequencePoints>
                <SequencePoint vc="3" uspid="2503" ordinal="0" offset="0" sl="90" sc="9" el="90" ec="9" bec="0" bev="0" fileid="6" />
                <SequencePoint vc="3" uspid="2504" ordinal="0" offset="1" sl="91" sc="13" el="91" ec="13" bec="0" bev="0" fileid="6" />
                <SequencePoint vc="3" uspid="2505" ordinal="0" offset="14" sl="92" sc="9" el="92" ec="9" bec="0" bev="0" fileid="6" />
              </SequencePoints>
              <BranchPoints />
            </Method>
            <Method visited="true" cyclomaticComplexity="0" nPathComplexity="0" sequenceCoverage="100.0" branchCoverage="0" crapScore="0" isConstructor="false" isStatic="false" isGetter="false" isSetter="false">
              <Summary numSequencePoints="3" visitedSequencePoints="3" numBranchPoints="0" visitedBranchPoints="0" sequenceCoverage="100.0" branchCoverage="0" maxCyclomaticComplexity="0" minCyclomaticComplexity="0" maxCrapScore="0" minCrapScore="0" visitedClasses="0" numClasses="0" visitedMethods="1" numMethods="1" />
              <MetadataToken>100663308</MetadataToken>
              <Name>System.Void FlowerLight/FlowerLightLogic::TriggerExit()</Name>
              <FileRef uid="6" />
              <SequencePoints>
                <SequencePoint vc="2" uspid="2506" ordinal="0" offset="0" sl="95" sc="9" el="95" ec="9" bec="0" bev="0" fileid="6" />
                <SequencePoint vc="2" uspid="2507" ordinal="0" offset="1" sl="96" sc="13" el="96" ec="13" bec="0" bev="0" fileid="6" />
                <SequencePoint vc="2" uspid="2508" ordinal="0" offset="14" sl="97" sc="9" el="97" ec="9" bec="0" bev="0" fileid="6" />
              </SequencePoints>
              <BranchPoints />
            </Method>
            <Method visited="true" cyclomaticComplexity="0" nPathComplexity="0" sequenceCoverage="100.0" branchCoverage="0" crapScore="0" isConstructor="false" isStatic="false" isGetter="false" isSetter="false">
              <Summary numSequencePoints="10" visitedSequencePoints="10" numBranchPoints="0" visitedBranchPoints="0" sequenceCoverage="100.0" branchCoverage="0" maxCyclomaticComplexity="0" minCyclomaticComplexity="0" maxCrapScore="0" minCrapScore="0" visitedClasses="0" numClasses="0" visitedMethods="1" numMethods="1" />
              <MetadataToken>100663309</MetadataToken>
              <Name>System.Void FlowerLight/FlowerLightLogic::ChangeLight(UnityEngine.Color)</Name>
              <FileRef uid="6" />
              <SequencePoints>
                <SequencePoint vc="5" uspid="2509" ordinal="0" offset="0" sl="100" sc="9" el="100" ec="9" bec="0" bev="0" fileid="6" />
                <SequencePoint vc="5" uspid="2510" ordinal="0" offset="1" sl="101" sc="13" el="101" ec="13" bec="0" bev="0" fileid="6" />
                <SequencePoint vc="5" uspid="2511" ordinal="0" offset="14" sl="102" sc="13" el="102" ec="13" bec="0" bev="0" fileid="6" />
                <SequencePoint vc="5" uspid="2512" ordinal="0" offset="15" sl="102" sc="38" el="102" ec="38" bec="0" bev="0" fileid="6" />
                <SequencePoint vc="20" uspid="2513" ordinal="0" offset="26" sl="102" sc="22" el="102" ec="22" bec="0" bev="0" fileid="6" />
                <SequencePoint vc="20" uspid="2514" ordinal="0" offset="30" sl="103" sc="13" el="103" ec="13" bec="0" bev="0" fileid="6" />
                <SequencePoint vc="20" uspid="2515" ordinal="0" offset="31" sl="104" sc="17" el="104" ec="17" bec="0" bev="0" fileid="6" />
                <SequencePoint vc="20" uspid="2516" ordinal="0" offset="39" sl="105" sc="13" el="105" ec="13" bec="0" bev="0" fileid="6" />
                <SequencePoint vc="25" uspid="2517" ordinal="0" offset="44" sl="102" sc="35" el="102" ec="35" bec="0" bev="0" fileid="6" />
                <SequencePoint vc="5" uspid="2518" ordinal="0" offset="50" sl="106" sc="9" el="106" ec="9" bec="0" bev="0" fileid="6" />
              </SequencePoints>
              <BranchPoints />
            </Method>
            <Method visited="true" cyclomaticComplexity="0" nPathComplexity="0" sequenceCoverage="100.0" branchCoverage="0" crapScore="0" isConstructor="true" isStatic="false" isGetter="false" isSetter="false">
              <Summary numSequencePoints="7" visitedSequencePoints="7" numBranchPoints="0" visitedBranchPoints="0" sequenceCoverage="100.0" branchCoverage="0" maxCyclomaticComplexity="0" minCyclomaticComplexity="0" maxCrapScore="0" minCrapScore="0" visitedClasses="0" numClasses="0" visitedMethods="1" numMethods="1" />
              <MetadataToken>100663306</MetadataToken>
              <Name>FlowerLight/FlowerLightLogic::FlowerLightLogic(UnityEngine.Color, UnityEngine.Color, FlowerLight/FlowerLightLogic/IMaterial, FlowerLight/FlowerLightLogic/ILight[])</Name>
              <FileRef uid="6" />
              <SequencePoints>
                <SequencePoint vc="3" uspid="2519" ordinal="0" offset="0" sl="81" sc="9" el="81" ec="9" bec="0" bev="0" fileid="6" />
                <SequencePoint vc="3" uspid="2520" ordinal="0" offset="7" sl="82" sc="9" el="82" ec="9" bec="0" bev="0" fileid="6" />
                <SequencePoint vc="3" uspid="2521" ordinal="0" offset="8" sl="83" sc="13" el="83" ec="13" bec="0" bev="0" fileid="6" />
                <SequencePoint vc="3" uspid="2522" ordinal="0" offset="15" sl="84" sc="13" el="84" ec="13" bec="0" bev="0" fileid="6" />
                <SequencePoint vc="3" uspid="2523" ordinal="0" offset="22" sl="85" sc="13" el="85" ec="13" bec="0" bev="0" fileid="6" />
                <SequencePoint vc="3" uspid="2524" ordinal="0" offset="29" sl="86" sc="13" el="86" ec="13" bec="0" bev="0" fileid="6" />
                <SequencePoint vc="3" uspid="2525" ordinal="0" offset="37" sl="87" sc="9" el="87" ec="9" bec="0" bev="0" fileid="6" />
              </SequencePoints>
              <BranchPoints />
            </Method>
          </Methods>
        </Class>
      </Classes>
    </Module>
  </Modules>
</CoverageSession>